ARM GAS  C:\Users\sst5281\AppData\Local\Temp\ccN3MhPh.s 			page 1


   1              		.cpu cortex-m0
   2              		.fpu softvfp
   3              		.eabi_attribute 20, 1
   4              		.eabi_attribute 21, 1
   5              		.eabi_attribute 23, 3
   6              		.eabi_attribute 24, 1
   7              		.eabi_attribute 25, 1
   8              		.eabi_attribute 26, 1
   9              		.eabi_attribute 30, 1
  10              		.eabi_attribute 34, 0
  11              		.eabi_attribute 18, 4
  12              		.code	16
  13              		.file	"main.c"
  14              		.text
  15              	.Ltext0:
  16              		.cfi_sections	.debug_frame
  17              		.section	.text.main,"ax",%progbits
  18              		.align	2
  19              		.global	main
  20              		.code	16
  21              		.thumb_func
  22              		.type	main, %function
  23              	main:
  24              	.LFB37:
  25              		.file 1 ".\\main.c"
   1:.\main.c      **** /* ========================================
   2:.\main.c      ****  *
   3:.\main.c      ****  * Copyright YOUR COMPANY, THE YEAR
   4:.\main.c      ****  * All Rights Reserved
   5:.\main.c      ****  * UNPUBLISHED, LICENSED SOFTWARE.
   6:.\main.c      ****  *
   7:.\main.c      ****  * CONFIDENTIAL AND PROPRIETARY INFORMATION
   8:.\main.c      ****  * WHICH IS THE PROPERTY OF your company.
   9:.\main.c      ****  *
  10:.\main.c      ****  * ========================================
  11:.\main.c      **** */
  12:.\main.c      **** #include <project.h>
  13:.\main.c      **** 
  14:.\main.c      **** int main()
  15:.\main.c      **** {
  26              		.loc 1 15 0
  27              		.cfi_startproc
  28 0000 08B5     		push	{r3, lr}
  29              		.cfi_def_cfa_offset 8
  30              		.cfi_offset 3, -8
  31              		.cfi_offset 14, -4
  16:.\main.c      ****     CyGlobalIntEnable; /* Enable global interrupts. */
  32              		.loc 1 16 0
  33              	@ 16 ".\main.c" 1
  34 0002 62B6     		CPSIE   i
  35              	@ 0 "" 2
  17:.\main.c      ****     /* Place your initialization/startup code here (e.g. MyInst_Start()) */
  18:.\main.c      **** 
  19:.\main.c      ****     // Task 2. Clk = 10kHz, Periode = 10000, compare value = 500
  20:.\main.c      ****     // -> periode = 1s; on time = 0.5s
  21:.\main.c      ****     PWM_1_Enable();
  36              		.loc 1 21 0
ARM GAS  C:\Users\sst5281\AppData\Local\Temp\ccN3MhPh.s 			page 2


  37              		.code	16
  38 0004 FFF7FEFF 		bl	PWM_1_Enable
  39              	.LVL0:
  22:.\main.c      ****     PWM_1_Start();
  40              		.loc 1 22 0
  41 0008 FFF7FEFF 		bl	PWM_1_Start
  42              	.LVL1:
  23:.\main.c      ****     
  24:.\main.c      ****     //
  25:.\main.c      ****     isr_1_Enable();
  43              		.loc 1 25 0
  44 000c FFF7FEFF 		bl	isr_1_Enable
  45              	.LVL2:
  26:.\main.c      ****     isr_1_Start();
  46              		.loc 1 26 0
  47 0010 FFF7FEFF 		bl	isr_1_Start
  48              	.LVL3:
  27:.\main.c      ****     
  28:.\main.c      ****     //
  29:.\main.c      ****     isr_2_Start();
  49              		.loc 1 29 0
  50 0014 FFF7FEFF 		bl	isr_2_Start
  51              	.LVL4:
  52              	.L2:
  30:.\main.c      ****     
  31:.\main.c      ****     for(;;)
  32:.\main.c      ****     {
  33:.\main.c      ****         /* Place your application code here. */
  34:.\main.c      ****     }
  53              		.loc 1 34 0 discriminator 1
  54 0018 FEE7     		b	.L2
  55              		.cfi_endproc
  56              	.LFE37:
  57              		.size	main, .-main
  58 001a C046     		.text
  59              	.Letext0:
  60              		.file 2 "Generated_Source\\PSoC4/PWM_1.h"
  61              		.file 3 "Generated_Source\\PSoC4/isr_1.h"
  62              		.file 4 "Generated_Source\\PSoC4/isr_2.h"
  63              		.section	.debug_info,"",%progbits
  64              	.Ldebug_info0:
  65 0000 F0000000 		.4byte	0xf0
  66 0004 0400     		.2byte	0x4
  67 0006 00000000 		.4byte	.Ldebug_abbrev0
  68 000a 04       		.byte	0x4
  69 000b 01       		.uleb128 0x1
  70 000c 27010000 		.4byte	.LASF18
  71 0010 01       		.byte	0x1
  72 0011 B5010000 		.4byte	.LASF19
  73 0015 8E000000 		.4byte	.LASF20
  74 0019 00000000 		.4byte	.Ldebug_ranges0+0
  75 001d 00000000 		.4byte	0
  76 0021 00000000 		.4byte	.Ldebug_line0
  77 0025 02       		.uleb128 0x2
  78 0026 01       		.byte	0x1
  79 0027 06       		.byte	0x6
  80 0028 1B010000 		.4byte	.LASF0
ARM GAS  C:\Users\sst5281\AppData\Local\Temp\ccN3MhPh.s 			page 3


  81 002c 02       		.uleb128 0x2
  82 002d 01       		.byte	0x1
  83 002e 08       		.byte	0x8
  84 002f 80000000 		.4byte	.LASF1
  85 0033 02       		.uleb128 0x2
  86 0034 02       		.byte	0x2
  87 0035 05       		.byte	0x5
  88 0036 EA000000 		.4byte	.LASF2
  89 003a 02       		.uleb128 0x2
  90 003b 02       		.byte	0x2
  91 003c 07       		.byte	0x7
  92 003d 08010000 		.4byte	.LASF3
  93 0041 02       		.uleb128 0x2
  94 0042 04       		.byte	0x4
  95 0043 05       		.byte	0x5
  96 0044 E1000000 		.4byte	.LASF4
  97 0048 02       		.uleb128 0x2
  98 0049 04       		.byte	0x4
  99 004a 07       		.byte	0x7
 100 004b 45000000 		.4byte	.LASF5
 101 004f 02       		.uleb128 0x2
 102 0050 08       		.byte	0x8
 103 0051 05       		.byte	0x5
 104 0052 00000000 		.4byte	.LASF6
 105 0056 02       		.uleb128 0x2
 106 0057 08       		.byte	0x8
 107 0058 07       		.byte	0x7
 108 0059 57000000 		.4byte	.LASF7
 109 005d 03       		.uleb128 0x3
 110 005e 04       		.byte	0x4
 111 005f 05       		.byte	0x5
 112 0060 696E7400 		.ascii	"int\000"
 113 0064 02       		.uleb128 0x2
 114 0065 04       		.byte	0x4
 115 0066 07       		.byte	0x7
 116 0067 0E000000 		.4byte	.LASF8
 117 006b 02       		.uleb128 0x2
 118 006c 04       		.byte	0x4
 119 006d 04       		.byte	0x4
 120 006e 6E000000 		.4byte	.LASF9
 121 0072 02       		.uleb128 0x2
 122 0073 08       		.byte	0x8
 123 0074 04       		.byte	0x4
 124 0075 F4000000 		.4byte	.LASF10
 125 0079 02       		.uleb128 0x2
 126 007a 01       		.byte	0x1
 127 007b 08       		.byte	0x8
 128 007c DC000000 		.4byte	.LASF11
 129 0080 02       		.uleb128 0x2
 130 0081 04       		.byte	0x4
 131 0082 07       		.byte	0x7
 132 0083 BE010000 		.4byte	.LASF12
 133 0087 04       		.uleb128 0x4
 134 0088 1B000000 		.4byte	.LASF21
 135 008c 01       		.byte	0x1
 136 008d 0E       		.byte	0xe
 137 008e 5D000000 		.4byte	0x5d
ARM GAS  C:\Users\sst5281\AppData\Local\Temp\ccN3MhPh.s 			page 4


 138 0092 00000000 		.4byte	.LFB37
 139 0096 1A000000 		.4byte	.LFE37-.LFB37
 140 009a 01       		.uleb128 0x1
 141 009b 9C       		.byte	0x9c
 142 009c CE000000 		.4byte	0xce
 143 00a0 05       		.uleb128 0x5
 144 00a1 08000000 		.4byte	.LVL0
 145 00a5 CE000000 		.4byte	0xce
 146 00a9 05       		.uleb128 0x5
 147 00aa 0C000000 		.4byte	.LVL1
 148 00ae D6000000 		.4byte	0xd6
 149 00b2 05       		.uleb128 0x5
 150 00b3 10000000 		.4byte	.LVL2
 151 00b7 DE000000 		.4byte	0xde
 152 00bb 05       		.uleb128 0x5
 153 00bc 14000000 		.4byte	.LVL3
 154 00c0 E5000000 		.4byte	0xe5
 155 00c4 05       		.uleb128 0x5
 156 00c5 18000000 		.4byte	.LVL4
 157 00c9 EC000000 		.4byte	0xec
 158 00cd 00       		.byte	0
 159 00ce 06       		.uleb128 0x6
 160 00cf FB000000 		.4byte	.LASF13
 161 00d3 02       		.byte	0x2
 162 00d4 3101     		.2byte	0x131
 163 00d6 06       		.uleb128 0x6
 164 00d7 20000000 		.4byte	.LASF14
 165 00db 02       		.byte	0x2
 166 00dc 3201     		.2byte	0x132
 167 00de 07       		.uleb128 0x7
 168 00df 38000000 		.4byte	.LASF15
 169 00e3 03       		.byte	0x3
 170 00e4 23       		.byte	0x23
 171 00e5 07       		.uleb128 0x7
 172 00e6 2C000000 		.4byte	.LASF16
 173 00ea 03       		.byte	0x3
 174 00eb 17       		.byte	0x17
 175 00ec 07       		.uleb128 0x7
 176 00ed 74000000 		.4byte	.LASF17
 177 00f1 04       		.byte	0x4
 178 00f2 17       		.byte	0x17
 179 00f3 00       		.byte	0
 180              		.section	.debug_abbrev,"",%progbits
 181              	.Ldebug_abbrev0:
 182 0000 01       		.uleb128 0x1
 183 0001 11       		.uleb128 0x11
 184 0002 01       		.byte	0x1
 185 0003 25       		.uleb128 0x25
 186 0004 0E       		.uleb128 0xe
 187 0005 13       		.uleb128 0x13
 188 0006 0B       		.uleb128 0xb
 189 0007 03       		.uleb128 0x3
 190 0008 0E       		.uleb128 0xe
 191 0009 1B       		.uleb128 0x1b
 192 000a 0E       		.uleb128 0xe
 193 000b 55       		.uleb128 0x55
 194 000c 17       		.uleb128 0x17
ARM GAS  C:\Users\sst5281\AppData\Local\Temp\ccN3MhPh.s 			page 5


 195 000d 11       		.uleb128 0x11
 196 000e 01       		.uleb128 0x1
 197 000f 10       		.uleb128 0x10
 198 0010 17       		.uleb128 0x17
 199 0011 00       		.byte	0
 200 0012 00       		.byte	0
 201 0013 02       		.uleb128 0x2
 202 0014 24       		.uleb128 0x24
 203 0015 00       		.byte	0
 204 0016 0B       		.uleb128 0xb
 205 0017 0B       		.uleb128 0xb
 206 0018 3E       		.uleb128 0x3e
 207 0019 0B       		.uleb128 0xb
 208 001a 03       		.uleb128 0x3
 209 001b 0E       		.uleb128 0xe
 210 001c 00       		.byte	0
 211 001d 00       		.byte	0
 212 001e 03       		.uleb128 0x3
 213 001f 24       		.uleb128 0x24
 214 0020 00       		.byte	0
 215 0021 0B       		.uleb128 0xb
 216 0022 0B       		.uleb128 0xb
 217 0023 3E       		.uleb128 0x3e
 218 0024 0B       		.uleb128 0xb
 219 0025 03       		.uleb128 0x3
 220 0026 08       		.uleb128 0x8
 221 0027 00       		.byte	0
 222 0028 00       		.byte	0
 223 0029 04       		.uleb128 0x4
 224 002a 2E       		.uleb128 0x2e
 225 002b 01       		.byte	0x1
 226 002c 3F       		.uleb128 0x3f
 227 002d 19       		.uleb128 0x19
 228 002e 03       		.uleb128 0x3
 229 002f 0E       		.uleb128 0xe
 230 0030 3A       		.uleb128 0x3a
 231 0031 0B       		.uleb128 0xb
 232 0032 3B       		.uleb128 0x3b
 233 0033 0B       		.uleb128 0xb
 234 0034 49       		.uleb128 0x49
 235 0035 13       		.uleb128 0x13
 236 0036 11       		.uleb128 0x11
 237 0037 01       		.uleb128 0x1
 238 0038 12       		.uleb128 0x12
 239 0039 06       		.uleb128 0x6
 240 003a 40       		.uleb128 0x40
 241 003b 18       		.uleb128 0x18
 242 003c 9742     		.uleb128 0x2117
 243 003e 19       		.uleb128 0x19
 244 003f 01       		.uleb128 0x1
 245 0040 13       		.uleb128 0x13
 246 0041 00       		.byte	0
 247 0042 00       		.byte	0
 248 0043 05       		.uleb128 0x5
 249 0044 898201   		.uleb128 0x4109
 250 0047 00       		.byte	0
 251 0048 11       		.uleb128 0x11
ARM GAS  C:\Users\sst5281\AppData\Local\Temp\ccN3MhPh.s 			page 6


 252 0049 01       		.uleb128 0x1
 253 004a 31       		.uleb128 0x31
 254 004b 13       		.uleb128 0x13
 255 004c 00       		.byte	0
 256 004d 00       		.byte	0
 257 004e 06       		.uleb128 0x6
 258 004f 2E       		.uleb128 0x2e
 259 0050 00       		.byte	0
 260 0051 3F       		.uleb128 0x3f
 261 0052 19       		.uleb128 0x19
 262 0053 03       		.uleb128 0x3
 263 0054 0E       		.uleb128 0xe
 264 0055 3A       		.uleb128 0x3a
 265 0056 0B       		.uleb128 0xb
 266 0057 3B       		.uleb128 0x3b
 267 0058 05       		.uleb128 0x5
 268 0059 27       		.uleb128 0x27
 269 005a 19       		.uleb128 0x19
 270 005b 3C       		.uleb128 0x3c
 271 005c 19       		.uleb128 0x19
 272 005d 00       		.byte	0
 273 005e 00       		.byte	0
 274 005f 07       		.uleb128 0x7
 275 0060 2E       		.uleb128 0x2e
 276 0061 00       		.byte	0
 277 0062 3F       		.uleb128 0x3f
 278 0063 19       		.uleb128 0x19
 279 0064 03       		.uleb128 0x3
 280 0065 0E       		.uleb128 0xe
 281 0066 3A       		.uleb128 0x3a
 282 0067 0B       		.uleb128 0xb
 283 0068 3B       		.uleb128 0x3b
 284 0069 0B       		.uleb128 0xb
 285 006a 27       		.uleb128 0x27
 286 006b 19       		.uleb128 0x19
 287 006c 3C       		.uleb128 0x3c
 288 006d 19       		.uleb128 0x19
 289 006e 00       		.byte	0
 290 006f 00       		.byte	0
 291 0070 00       		.byte	0
 292              		.section	.debug_aranges,"",%progbits
 293 0000 1C000000 		.4byte	0x1c
 294 0004 0200     		.2byte	0x2
 295 0006 00000000 		.4byte	.Ldebug_info0
 296 000a 04       		.byte	0x4
 297 000b 00       		.byte	0
 298 000c 0000     		.2byte	0
 299 000e 0000     		.2byte	0
 300 0010 00000000 		.4byte	.LFB37
 301 0014 1A000000 		.4byte	.LFE37-.LFB37
 302 0018 00000000 		.4byte	0
 303 001c 00000000 		.4byte	0
 304              		.section	.debug_ranges,"",%progbits
 305              	.Ldebug_ranges0:
 306 0000 00000000 		.4byte	.LFB37
 307 0004 1A000000 		.4byte	.LFE37
 308 0008 00000000 		.4byte	0
ARM GAS  C:\Users\sst5281\AppData\Local\Temp\ccN3MhPh.s 			page 7


 309 000c 00000000 		.4byte	0
 310              		.section	.debug_line,"",%progbits
 311              	.Ldebug_line0:
 312 0000 77000000 		.section	.debug_str,"MS",%progbits,1
 312      02005700 
 312      00000201 
 312      FB0E0D00 
 312      01010101 
 313              	.LASF6:
 314 0000 6C6F6E67 		.ascii	"long long int\000"
 314      206C6F6E 
 314      6720696E 
 314      7400
 315              	.LASF8:
 316 000e 756E7369 		.ascii	"unsigned int\000"
 316      676E6564 
 316      20696E74 
 316      00
 317              	.LASF21:
 318 001b 6D61696E 		.ascii	"main\000"
 318      00
 319              	.LASF14:
 320 0020 50574D5F 		.ascii	"PWM_1_Start\000"
 320      315F5374 
 320      61727400 
 321              	.LASF16:
 322 002c 6973725F 		.ascii	"isr_1_Start\000"
 322      315F5374 
 322      61727400 
 323              	.LASF15:
 324 0038 6973725F 		.ascii	"isr_1_Enable\000"
 324      315F456E 
 324      61626C65 
 324      00
 325              	.LASF5:
 326 0045 6C6F6E67 		.ascii	"long unsigned int\000"
 326      20756E73 
 326      69676E65 
 326      6420696E 
 326      7400
 327              	.LASF7:
 328 0057 6C6F6E67 		.ascii	"long long unsigned int\000"
 328      206C6F6E 
 328      6720756E 
 328      7369676E 
 328      65642069 
 329              	.LASF9:
 330 006e 666C6F61 		.ascii	"float\000"
 330      7400
 331              	.LASF17:
 332 0074 6973725F 		.ascii	"isr_2_Start\000"
 332      325F5374 
 332      61727400 
 333              	.LASF1:
 334 0080 756E7369 		.ascii	"unsigned char\000"
 334      676E6564 
 334      20636861 
ARM GAS  C:\Users\sst5281\AppData\Local\Temp\ccN3MhPh.s 			page 8


 334      7200
 335              	.LASF20:
 336 008e 433A5C54 		.ascii	"C:\\Temp\\FHV_MEM_2016WS_EmbeddedSystems\\Microcont"
 336      656D705C 
 336      4648565F 
 336      4D454D5F 
 336      32303136 
 337 00be 726F6C6C 		.ascii	"roller\\PSoC\\Lab02\\Lab02.cydsn\000"
 337      65725C50 
 337      536F435C 
 337      4C616230 
 337      325C4C61 
 338              	.LASF11:
 339 00dc 63686172 		.ascii	"char\000"
 339      00
 340              	.LASF4:
 341 00e1 6C6F6E67 		.ascii	"long int\000"
 341      20696E74 
 341      00
 342              	.LASF2:
 343 00ea 73686F72 		.ascii	"short int\000"
 343      7420696E 
 343      7400
 344              	.LASF10:
 345 00f4 646F7562 		.ascii	"double\000"
 345      6C6500
 346              	.LASF13:
 347 00fb 50574D5F 		.ascii	"PWM_1_Enable\000"
 347      315F456E 
 347      61626C65 
 347      00
 348              	.LASF3:
 349 0108 73686F72 		.ascii	"short unsigned int\000"
 349      7420756E 
 349      7369676E 
 349      65642069 
 349      6E7400
 350              	.LASF0:
 351 011b 7369676E 		.ascii	"signed char\000"
 351      65642063 
 351      68617200 
 352              	.LASF18:
 353 0127 474E5520 		.ascii	"GNU C 4.9.3 20150303 (release) [ARM/embedded-4_9-br"
 353      4320342E 
 353      392E3320 
 353      32303135 
 353      30333033 
 354 015a 616E6368 		.ascii	"anch revision 221220] -mcpu=cortex-m0 -mthumb -g -O"
 354      20726576 
 354      6973696F 
 354      6E203232 
 354      31323230 
 355 018d 67202D66 		.ascii	"g -ffunction-sections -ffat-lto-objects\000"
 355      66756E63 
 355      74696F6E 
 355      2D736563 
 355      74696F6E 
ARM GAS  C:\Users\sst5281\AppData\Local\Temp\ccN3MhPh.s 			page 9


 356              	.LASF19:
 357 01b5 2E5C6D61 		.ascii	".\\main.c\000"
 357      696E2E63 
 357      00
 358              	.LASF12:
 359 01be 73697A65 		.ascii	"sizetype\000"
 359      74797065 
 359      00
 360              		.ident	"GCC: (GNU Tools for ARM Embedded Processors) 4.9.3 20150303 (release) [ARM/embedded-4_9-br
