--------------- Clean Started: 10/06/2016 17:03:25 Project: Design01, Configuration: ARM GCC 4.9-2015-q1-update Debug ---------------
Deleting file ".\CortexM0\ARM_GCC_493\Debug\main.o"
Deleting file ".\CortexM0\ARM_GCC_493\Debug\iprintf.o"
Deleting file ".\CortexM0\ARM_GCC_493\Debug\cyfitter_cfg.o"
Deleting file ".\CortexM0\ARM_GCC_493\Debug\cymetadata.o"
Deleting file ".\CortexM0\ARM_GCC_493\Debug\LED_Red.o"
Deleting file ".\CortexM0\ARM_GCC_493\Debug\LED_Red_PM.o"
Deleting file ".\CortexM0\ARM_GCC_493\Debug\LED_Green.o"
Deleting file ".\CortexM0\ARM_GCC_493\Debug\LED_Green_PM.o"
Deleting file ".\CortexM0\ARM_GCC_493\Debug\LED_Blue.o"
Deleting file ".\CortexM0\ARM_GCC_493\Debug\LED_Blue_PM.o"
Deleting file ".\CortexM0\ARM_GCC_493\Debug\Cm0Start.o"
Deleting file ".\CortexM0\ARM_GCC_493\Debug\CyBootAsmGnu.o"
Deleting file ".\CortexM0\ARM_GCC_493\Debug\CyFlash.o"
Deleting file ".\CortexM0\ARM_GCC_493\Debug\CyLib.o"
Deleting file ".\CortexM0\ARM_GCC_493\Debug\cyPm.o"
Deleting file ".\CortexM0\ARM_GCC_493\Debug\cyutils.o"
Deleting file ".\CortexM0\ARM_GCC_493\Debug\CyLFClk.o"
Deleting file ".\CortexM0\ARM_GCC_493\Debug\Timer_1.o"
Deleting file ".\CortexM0\ARM_GCC_493\Debug\Timer_1_PM.o"
Deleting file ".\CortexM0\ARM_GCC_493\Debug\Clock_1.o"
Deleting file ".\CortexM0\ARM_GCC_493\Debug\isr_1.o"
Deleting file ".\CortexM0\ARM_GCC_493\Debug\SCB_1.o"
Deleting file ".\CortexM0\ARM_GCC_493\Debug\SCB_1_SPI_UART.o"
Deleting file ".\CortexM0\ARM_GCC_493\Debug\SCB_1_SPI_UART_INT.o"
Deleting file ".\CortexM0\ARM_GCC_493\Debug\SCB_1_PM.o"
Deleting file ".\CortexM0\ARM_GCC_493\Debug\SCB_1_UART.o"
Deleting file ".\CortexM0\ARM_GCC_493\Debug\SCB_1_BOOT.o"
Deleting file ".\CortexM0\ARM_GCC_493\Debug\SCB_1_UART_BOOT.o"
Deleting file ".\CortexM0\ARM_GCC_493\Debug\SCB_1_SCBCLK.o"
Deleting file ".\CortexM0\ARM_GCC_493\Debug\SCB_1_tx.o"
Deleting file ".\CortexM0\ARM_GCC_493\Debug\SCB_1_tx_PM.o"
Deleting file ".\CortexM0\ARM_GCC_493\Debug\SCB_1_rx.o"
Deleting file ".\CortexM0\ARM_GCC_493\Debug\SCB_1_rx_PM.o"
Deleting file ".\CortexM0\ARM_GCC_493\Debug\Design01.hex"
Deleting file ".\CortexM0\ARM_GCC_493\Debug\Design01.elf"
Deleting file ".\CortexM0\ARM_GCC_493\Debug\Design01.map"
Deleting file ".\Design01.cycdx"
Deleting file ".\Design01.svd"
Deleting file ".\Design01.rpt"
Deleting file ".\Design01_timing.html"
Deleting file ".\CortexM0\ARM_GCC_493\Debug\.deps\C_FILE.P"
Deleting file ".\CortexM0\ARM_GCC_493\Debug\.deps\ARM_C_FILE.P"
Deleting file ".\CortexM0\ARM_GCC_493\Debug\.deps\GNU_ARM_ASM_FILE.P"
--------------- Clean Succeeded: 10/06/2016 17:03:25 ---------------
