ARM GAS  C:\Users\sst5281\AppData\Local\Temp\ccvcjDwD.s 			page 1


   1              		.cpu cortex-m0
   2              		.fpu softvfp
   3              		.eabi_attribute 20, 1
   4              		.eabi_attribute 21, 1
   5              		.eabi_attribute 23, 3
   6              		.eabi_attribute 24, 1
   7              		.eabi_attribute 25, 1
   8              		.eabi_attribute 26, 1
   9              		.eabi_attribute 30, 1
  10              		.eabi_attribute 34, 0
  11              		.eabi_attribute 18, 4
  12              		.code	16
  13              		.file	"iprintf.c"
  14              		.text
  15              	.Ltext0:
  16              		.cfi_sections	.debug_frame
  17              		.section	.text.change,"ax",%progbits
  18              		.align	2
  19              		.code	16
  20              		.thumb_func
  21              		.type	change, %function
  22              	change:
  23              	.LFB38:
  24              		.file 1 ".\\iprintf.c"
   1:.\iprintf.c   **** /******************************************************************************
   2:.\iprintf.c   **** *This file is for iprintf()
   3:.\iprintf.c   **** *The iprintf() is a simple printf() and only can print string with %s,%d,%c,%x.
   4:.\iprintf.c   **** *******************************************************************************/
   5:.\iprintf.c   **** #include "iprintf.h"
   6:.\iprintf.c   **** 
   7:.\iprintf.c   **** static void iputc(char8 ch)
   8:.\iprintf.c   **** {
   9:.\iprintf.c   **** 	/*This function has to be replaced by user*/	
  10:.\iprintf.c   **** 	SCB_1_UartPutChar(ch);
  11:.\iprintf.c   **** }
  12:.\iprintf.c   **** 
  13:.\iprintf.c   **** static uint8* change(uint32 Index)
  14:.\iprintf.c   **** {
  25              		.loc 1 14 0
  26              		.cfi_startproc
  27              	.LVL0:
  15:.\iprintf.c   ****     return (uint8*)("0123456789abcdef"+Index);
  28              		.loc 1 15 0
  29 0000 014B     		ldr	r3, .L2
  30 0002 C018     		add	r0, r0, r3
  31              	.LVL1:
  16:.\iprintf.c   **** }
  32              		.loc 1 16 0
  33              		@ sp needed
  34 0004 7047     		bx	lr
  35              	.L3:
  36 0006 C046     		.align	2
  37              	.L2:
  38 0008 00000000 		.word	.LC0
  39              		.cfi_endproc
  40              	.LFE38:
  41              		.size	change, .-change
ARM GAS  C:\Users\sst5281\AppData\Local\Temp\ccvcjDwD.s 			page 2


  42              		.section	.text.iputc,"ax",%progbits
  43              		.align	2
  44              		.code	16
  45              		.thumb_func
  46              		.type	iputc, %function
  47              	iputc:
  48              	.LFB37:
   8:.\iprintf.c   **** 	/*This function has to be replaced by user*/	
  49              		.loc 1 8 0
  50              		.cfi_startproc
  51              	.LVL2:
  52 0000 08B5     		push	{r3, lr}
  53              		.cfi_def_cfa_offset 8
  54              		.cfi_offset 3, -8
  55              		.cfi_offset 14, -4
  10:.\iprintf.c   **** }
  56              		.loc 1 10 0
  57 0002 FFF7FEFF 		bl	SCB_1_SpiUartWriteTxData
  58              	.LVL3:
  11:.\iprintf.c   **** 
  59              		.loc 1 11 0
  60              		@ sp needed
  61 0006 08BD     		pop	{r3, pc}
  62              		.cfi_endproc
  63              	.LFE37:
  64              		.size	iputc, .-iputc
  65              		.global	__aeabi_uidivmod
  66              		.global	__aeabi_uidiv
  67              		.section	.text.iprintf,"ax",%progbits
  68              		.align	2
  69              		.global	iprintf
  70              		.code	16
  71              		.thumb_func
  72              		.type	iprintf, %function
  73              	iprintf:
  74              	.LFB39:
  17:.\iprintf.c   **** 
  18:.\iprintf.c   **** 
  19:.\iprintf.c   **** void iprintf(char8 *pszFmt,...)
  20:.\iprintf.c   **** {
  75              		.loc 1 20 0
  76              		.cfi_startproc
  77              	.LVL4:
  78 0000 0FB4     		push	{r0, r1, r2, r3}
  79              		.cfi_def_cfa_offset 16
  80 0002 F0B5     		push	{r4, r5, r6, r7, lr}
  81              		.cfi_def_cfa_offset 36
  82              		.cfi_offset 4, -36
  83              		.cfi_offset 5, -32
  84              		.cfi_offset 6, -28
  85              		.cfi_offset 7, -24
  86              		.cfi_offset 14, -20
  87 0004 8DB0     		sub	sp, sp, #52
  88              		.cfi_def_cfa_offset 88
  89              	.LVL5:
  21:.\iprintf.c   ****     uint8 *pszVal;
  22:.\iprintf.c   ****     uint32 iVal, xVal, i = 0, buffer[12], index = 1;
ARM GAS  C:\Users\sst5281\AppData\Local\Temp\ccvcjDwD.s 			page 3


  90              		.loc 1 22 0
  91 0006 0124     		mov	r4, #1
  23:.\iprintf.c   ****     uint8 cVal;
  24:.\iprintf.c   ****     uint32 *pArg;
  25:.\iprintf.c   ****     pArg =(uint32 *)&pszFmt;
  26:.\iprintf.c   **** 
  27:.\iprintf.c   ****     while(*pszFmt)
  92              		.loc 1 27 0
  93 0008 89E0     		b	.L6
  94              	.LVL6:
  95              	.L24:
  28:.\iprintf.c   ****     {
  29:.\iprintf.c   ****         if('%' != *pszFmt)
  96              		.loc 1 29 0
  97 000a 2528     		cmp	r0, #37
  98 000c 05D0     		beq	.L7
  30:.\iprintf.c   ****         {
  31:.\iprintf.c   ****             iputc(*pszFmt);
  99              		.loc 1 31 0
 100 000e FFF7FEFF 		bl	iputc
 101              	.LVL7:
  32:.\iprintf.c   ****             pszFmt++;
 102              		.loc 1 32 0
 103 0012 129B     		ldr	r3, [sp, #72]
 104 0014 0133     		add	r3, r3, #1
 105 0016 1293     		str	r3, [sp, #72]
  33:.\iprintf.c   ****             continue;
 106              		.loc 1 33 0
 107 0018 81E0     		b	.L6
 108              	.L7:
  34:.\iprintf.c   ****         }
  35:.\iprintf.c   ****         pszFmt++;
 109              		.loc 1 35 0
 110 001a 5A1C     		add	r2, r3, #1
 111 001c 1292     		str	r2, [sp, #72]
  36:.\iprintf.c   **** 
  37:.\iprintf.c   ****         if(*pszFmt == 's')
 112              		.loc 1 37 0
 113 001e 5B78     		ldrb	r3, [r3, #1]
 114 0020 732B     		cmp	r3, #115
 115 0022 11D1     		bne	.L9
  38:.\iprintf.c   ****         {
  39:.\iprintf.c   ****             pszVal = (uint8*)pArg[index++];
 116              		.loc 1 39 0
 117 0024 651C     		add	r5, r4, #1
 118              	.LVL8:
 119 0026 A400     		lsl	r4, r4, #2
 120 0028 12AB     		add	r3, sp, #72
 121              	.LVL9:
 122 002a 9C46     		mov	ip, r3
 123 002c 6444     		add	r4, r4, ip
 124 002e 2468     		ldr	r4, [r4]
 125              	.LVL10:
  40:.\iprintf.c   ****             for(; *pszVal != '\0'; pszVal++)
 126              		.loc 1 40 0
 127 0030 02E0     		b	.L10
 128              	.LVL11:
ARM GAS  C:\Users\sst5281\AppData\Local\Temp\ccvcjDwD.s 			page 4


 129              	.L11:
  41:.\iprintf.c   ****                 iputc(*pszVal);
 130              		.loc 1 41 0 discriminator 2
 131 0032 FFF7FEFF 		bl	iputc
 132              	.LVL12:
  40:.\iprintf.c   ****             for(; *pszVal != '\0'; pszVal++)
 133              		.loc 1 40 0 discriminator 2
 134 0036 0134     		add	r4, r4, #1
 135              	.LVL13:
 136              	.L10:
  40:.\iprintf.c   ****             for(; *pszVal != '\0'; pszVal++)
 137              		.loc 1 40 0 is_stmt 0 discriminator 1
 138 0038 2078     		ldrb	r0, [r4]
 139 003a 0028     		cmp	r0, #0
 140 003c F9D1     		bne	.L11
  42:.\iprintf.c   ****             pszFmt++;
 141              		.loc 1 42 0 is_stmt 1
 142 003e 129B     		ldr	r3, [sp, #72]
 143 0040 0133     		add	r3, r3, #1
 144 0042 1293     		str	r3, [sp, #72]
  39:.\iprintf.c   ****             for(; *pszVal != '\0'; pszVal++)
 145              		.loc 1 39 0
 146 0044 2C1C     		mov	r4, r5
 147              	.LVL14:
  43:.\iprintf.c   ****             continue;
 148              		.loc 1 43 0
 149 0046 6AE0     		b	.L6
 150              	.LVL15:
 151              	.L9:
  44:.\iprintf.c   ****         }
  45:.\iprintf.c   ****         if(*pszFmt == 'd')
 152              		.loc 1 45 0
 153 0048 642B     		cmp	r3, #100
 154 004a 27D1     		bne	.L12
  46:.\iprintf.c   ****         {
  47:.\iprintf.c   ****             iVal = pArg[index++];
 155              		.loc 1 47 0
 156 004c 671C     		add	r7, r4, #1
 157              	.LVL16:
 158 004e A400     		lsl	r4, r4, #2
 159 0050 12AB     		add	r3, sp, #72
 160              	.LVL17:
 161 0052 9C46     		mov	ip, r3
 162 0054 6444     		add	r4, r4, ip
 163 0056 2668     		ldr	r6, [r4]
 164              	.LVL18:
  48:.\iprintf.c   ****             i = 0;
 165              		.loc 1 48 0
 166 0058 0025     		mov	r5, #0
 167              	.LVL19:
 168              	.L13:
  49:.\iprintf.c   ****             do{
  50:.\iprintf.c   ****                 buffer[i++] = iVal % 10;
 169              		.loc 1 50 0 discriminator 1
 170 005a 6C1C     		add	r4, r5, #1
 171              	.LVL20:
 172 005c 301C     		mov	r0, r6
ARM GAS  C:\Users\sst5281\AppData\Local\Temp\ccvcjDwD.s 			page 5


 173 005e 0A21     		mov	r1, #10
 174 0060 FFF7FEFF 		bl	__aeabi_uidivmod
 175              	.LVL21:
 176 0064 AD00     		lsl	r5, r5, #2
 177 0066 6B46     		mov	r3, sp
 178 0068 E950     		str	r1, [r5, r3]
  51:.\iprintf.c   ****                 iVal /= 10;
 179              		.loc 1 51 0 discriminator 1
 180 006a 301C     		mov	r0, r6
 181 006c 0A21     		mov	r1, #10
 182 006e FFF7FEFF 		bl	__aeabi_uidiv
 183              	.LVL22:
 184 0072 061C     		mov	r6, r0
 185              	.LVL23:
  50:.\iprintf.c   ****                 iVal /= 10;
 186              		.loc 1 50 0 discriminator 1
 187 0074 251C     		mov	r5, r4
  52:.\iprintf.c   ****             }while(iVal);
 188              		.loc 1 52 0 discriminator 1
 189 0076 0028     		cmp	r0, #0
 190 0078 EFD1     		bne	.L13
 191 007a 08E0     		b	.L14
 192              	.LVL24:
 193              	.L15:
  53:.\iprintf.c   ****             while(i > 0)
  54:.\iprintf.c   ****             {
  55:.\iprintf.c   ****                 i--;
 194              		.loc 1 55 0
 195 007c 013C     		sub	r4, r4, #1
 196              	.LVL25:
  56:.\iprintf.c   ****                 iputc(*change(buffer[i]));
 197              		.loc 1 56 0
 198 007e A300     		lsl	r3, r4, #2
 199 0080 6A46     		mov	r2, sp
 200 0082 9858     		ldr	r0, [r3, r2]
 201 0084 FFF7FEFF 		bl	change
 202              	.LVL26:
 203 0088 0078     		ldrb	r0, [r0]
 204 008a FFF7FEFF 		bl	iputc
 205              	.LVL27:
 206              	.L14:
  53:.\iprintf.c   ****             while(i > 0)
 207              		.loc 1 53 0
 208 008e 002C     		cmp	r4, #0
 209 0090 F4D1     		bne	.L15
  57:.\iprintf.c   ****             }
  58:.\iprintf.c   ****             pszFmt++;
 210              		.loc 1 58 0
 211 0092 129B     		ldr	r3, [sp, #72]
 212 0094 0133     		add	r3, r3, #1
 213 0096 1293     		str	r3, [sp, #72]
  47:.\iprintf.c   ****             i = 0;
 214              		.loc 1 47 0
 215 0098 3C1C     		mov	r4, r7
 216              	.LVL28:
  59:.\iprintf.c   ****             continue;
 217              		.loc 1 59 0
ARM GAS  C:\Users\sst5281\AppData\Local\Temp\ccvcjDwD.s 			page 6


 218 009a 40E0     		b	.L6
 219              	.LVL29:
 220              	.L12:
  60:.\iprintf.c   ****         }
  61:.\iprintf.c   ****         if(*pszFmt == 'c')
 221              		.loc 1 61 0
 222 009c 632B     		cmp	r3, #99
 223 009e 0CD1     		bne	.L16
  62:.\iprintf.c   ****         {
  63:.\iprintf.c   ****             cVal = (uint8)pArg[index++];
 224              		.loc 1 63 0
 225 00a0 651C     		add	r5, r4, #1
 226              	.LVL30:
 227 00a2 A400     		lsl	r4, r4, #2
 228 00a4 12AB     		add	r3, sp, #72
 229              	.LVL31:
 230 00a6 9C46     		mov	ip, r3
 231 00a8 6444     		add	r4, r4, ip
 232 00aa 2078     		ldrb	r0, [r4]
 233              	.LVL32:
  64:.\iprintf.c   ****             iputc(cVal);
 234              		.loc 1 64 0
 235 00ac FFF7FEFF 		bl	iputc
 236              	.LVL33:
  65:.\iprintf.c   ****             pszFmt++;
 237              		.loc 1 65 0
 238 00b0 129B     		ldr	r3, [sp, #72]
 239 00b2 0133     		add	r3, r3, #1
 240 00b4 1293     		str	r3, [sp, #72]
  63:.\iprintf.c   ****             iputc(cVal);
 241              		.loc 1 63 0
 242 00b6 2C1C     		mov	r4, r5
  66:.\iprintf.c   ****             continue;
 243              		.loc 1 66 0
 244 00b8 31E0     		b	.L6
 245              	.LVL34:
 246              	.L16:
  67:.\iprintf.c   ****         }
  68:.\iprintf.c   ****         if(*pszFmt == 'x')
 247              		.loc 1 68 0
 248 00ba 782B     		cmp	r3, #120
 249 00bc 2DD1     		bne	.L17
  69:.\iprintf.c   ****         {
  70:.\iprintf.c   ****             xVal = pArg[index++];
 250              		.loc 1 70 0
 251 00be 651C     		add	r5, r4, #1
 252              	.LVL35:
 253 00c0 A400     		lsl	r4, r4, #2
 254 00c2 12AB     		add	r3, sp, #72
 255              	.LVL36:
 256 00c4 9C46     		mov	ip, r3
 257 00c6 6444     		add	r4, r4, ip
 258 00c8 2268     		ldr	r2, [r4]
 259              	.LVL37:
  71:.\iprintf.c   ****             i = 0;
 260              		.loc 1 71 0
 261 00ca 0023     		mov	r3, #0
ARM GAS  C:\Users\sst5281\AppData\Local\Temp\ccvcjDwD.s 			page 7


 262              	.LVL38:
 263              	.L18:
  72:.\iprintf.c   ****             do{
  73:.\iprintf.c   ****                 buffer[i++] = xVal % 16;
 264              		.loc 1 73 0 discriminator 1
 265 00cc 5C1C     		add	r4, r3, #1
 266              	.LVL39:
 267 00ce 0F21     		mov	r1, #15
 268 00d0 1140     		and	r1, r2
 269 00d2 9B00     		lsl	r3, r3, #2
 270 00d4 6846     		mov	r0, sp
 271 00d6 1950     		str	r1, [r3, r0]
  74:.\iprintf.c   ****                 xVal /= 16;
 272              		.loc 1 74 0 discriminator 1
 273 00d8 1209     		lsr	r2, r2, #4
 274              	.LVL40:
  73:.\iprintf.c   ****                 xVal /= 16;
 275              		.loc 1 73 0 discriminator 1
 276 00da 231C     		mov	r3, r4
  75:.\iprintf.c   ****             }while(xVal);
 277              		.loc 1 75 0 discriminator 1
 278 00dc 002A     		cmp	r2, #0
 279 00de F5D1     		bne	.L18
  76:.\iprintf.c   ****             if(i%2!=0)
 280              		.loc 1 76 0
 281 00e0 E307     		lsl	r3, r4, #31
 282 00e2 02D5     		bpl	.L19
  77:.\iprintf.c   ****                 buffer[i++]=0;
 283              		.loc 1 77 0
 284 00e4 A300     		lsl	r3, r4, #2
 285 00e6 0134     		add	r4, r4, #1
 286              	.LVL41:
 287 00e8 1A50     		str	r2, [r3, r0]
 288              	.LVL42:
 289              	.L19:
  78:.\iprintf.c   ****             if(i<2)
 290              		.loc 1 78 0
 291 00ea 012C     		cmp	r4, #1
 292 00ec 0ED8     		bhi	.L21
 293              	.LVL43:
  79:.\iprintf.c   ****                 buffer[i++]=0;
 294              		.loc 1 79 0
 295 00ee A300     		lsl	r3, r4, #2
 296 00f0 0022     		mov	r2, #0
 297              	.LVL44:
 298 00f2 6946     		mov	r1, sp
 299 00f4 5A50     		str	r2, [r3, r1]
 300 00f6 0134     		add	r4, r4, #1
 301              	.LVL45:
 302 00f8 08E0     		b	.L21
 303              	.LVL46:
 304              	.L22:
  80:.\iprintf.c   **** 
  81:.\iprintf.c   ****             while(i > 0)
  82:.\iprintf.c   ****             {
  83:.\iprintf.c   ****                 i--;
 305              		.loc 1 83 0
ARM GAS  C:\Users\sst5281\AppData\Local\Temp\ccvcjDwD.s 			page 8


 306 00fa 013C     		sub	r4, r4, #1
 307              	.LVL47:
  84:.\iprintf.c   ****                 iputc(*change(buffer[i]));
 308              		.loc 1 84 0
 309 00fc A300     		lsl	r3, r4, #2
 310 00fe 6A46     		mov	r2, sp
 311 0100 9858     		ldr	r0, [r3, r2]
 312 0102 FFF7FEFF 		bl	change
 313              	.LVL48:
 314 0106 0078     		ldrb	r0, [r0]
 315 0108 FFF7FEFF 		bl	iputc
 316              	.LVL49:
 317              	.L21:
  81:.\iprintf.c   ****             {
 318              		.loc 1 81 0
 319 010c 002C     		cmp	r4, #0
 320 010e F4D1     		bne	.L22
  85:.\iprintf.c   ****             }
  86:.\iprintf.c   ****             pszFmt++;
 321              		.loc 1 86 0
 322 0110 129B     		ldr	r3, [sp, #72]
 323 0112 0133     		add	r3, r3, #1
 324 0114 1293     		str	r3, [sp, #72]
  70:.\iprintf.c   ****             i = 0;
 325              		.loc 1 70 0
 326 0116 2C1C     		mov	r4, r5
 327              	.LVL50:
  87:.\iprintf.c   ****             continue;
 328              		.loc 1 87 0
 329 0118 01E0     		b	.L6
 330              	.LVL51:
 331              	.L17:
  88:.\iprintf.c   ****         }
  89:.\iprintf.c   ****         if(pszFmt == '\0')
 332              		.loc 1 89 0
 333 011a 002A     		cmp	r2, #0
 334 011c 04D0     		beq	.L5
 335              	.LVL52:
 336              	.L6:
  27:.\iprintf.c   ****     {
 337              		.loc 1 27 0
 338 011e 129B     		ldr	r3, [sp, #72]
 339 0120 1878     		ldrb	r0, [r3]
 340 0122 0028     		cmp	r0, #0
 341 0124 00D0     		beq	.LCB336
 342 0126 70E7     		b	.L24	@long jump
 343              	.LCB336:
 344              	.L5:
  90:.\iprintf.c   ****         {
  91:.\iprintf.c   ****             break;
  92:.\iprintf.c   ****         }
  93:.\iprintf.c   **** 
  94:.\iprintf.c   ****     }
  95:.\iprintf.c   **** }...
 345              		.loc 1 95 0
 346 0128 0DB0     		add	sp, sp, #52
 347              		@ sp needed
ARM GAS  C:\Users\sst5281\AppData\Local\Temp\ccvcjDwD.s 			page 9


 348              	.LVL53:
 349 012a F0BC     		pop	{r4, r5, r6, r7}
 350 012c 08BC     		pop	{r3}
 351 012e 04B0     		add	sp, sp, #16
 352 0130 1847     		bx	r3
 353              		.cfi_endproc
 354              	.LFE39:
 355              		.size	iprintf, .-iprintf
 356 0132 C046     		.section	.rodata.str1.4,"aMS",%progbits,1
 357              		.align	2
 358              	.LC0:
 359 0000 30313233 		.ascii	"0123456789abcdef\000"
 359      34353637 
 359      38396162 
 359      63646566 
 359      00
 360 0011 000000   		.text
 361              	.Letext0:
 362              		.file 2 "Generated_Source\\PSoC4/cytypes.h"
 363              		.file 3 "Generated_Source\\PSoC4/SCB_1_SPI_UART.h"
 364              		.section	.debug_info,"",%progbits
 365              	.Ldebug_info0:
 366 0000 2A020000 		.4byte	0x22a
 367 0004 0400     		.2byte	0x4
 368 0006 00000000 		.4byte	.Ldebug_abbrev0
 369 000a 04       		.byte	0x4
 370 000b 01       		.uleb128 0x1
 371 000c 57010000 		.4byte	.LASF25
 372 0010 01       		.byte	0x1
 373 0011 F5010000 		.4byte	.LASF26
 374 0015 A5000000 		.4byte	.LASF27
 375 0019 00000000 		.4byte	.Ldebug_ranges0+0
 376 001d 00000000 		.4byte	0
 377 0021 00000000 		.4byte	.Ldebug_line0
 378 0025 02       		.uleb128 0x2
 379 0026 01       		.byte	0x1
 380 0027 06       		.byte	0x6
 381 0028 0A020000 		.4byte	.LASF0
 382 002c 02       		.uleb128 0x2
 383 002d 01       		.byte	0x1
 384 002e 08       		.byte	0x8
 385 002f 46000000 		.4byte	.LASF1
 386 0033 02       		.uleb128 0x2
 387 0034 02       		.byte	0x2
 388 0035 05       		.byte	0x5
 389 0036 E5010000 		.4byte	.LASF2
 390 003a 02       		.uleb128 0x2
 391 003b 02       		.byte	0x2
 392 003c 07       		.byte	0x7
 393 003d 0F000000 		.4byte	.LASF3
 394 0041 02       		.uleb128 0x2
 395 0042 04       		.byte	0x4
 396 0043 05       		.byte	0x5
 397 0044 01020000 		.4byte	.LASF4
 398 0048 02       		.uleb128 0x2
 399 0049 04       		.byte	0x4
 400 004a 07       		.byte	0x7
ARM GAS  C:\Users\sst5281\AppData\Local\Temp\ccvcjDwD.s 			page 10


 401 004b 66000000 		.4byte	.LASF5
 402 004f 02       		.uleb128 0x2
 403 0050 08       		.byte	0x8
 404 0051 05       		.byte	0x5
 405 0052 3E010000 		.4byte	.LASF6
 406 0056 02       		.uleb128 0x2
 407 0057 08       		.byte	0x8
 408 0058 07       		.byte	0x7
 409 0059 2F000000 		.4byte	.LASF7
 410 005d 03       		.uleb128 0x3
 411 005e 04       		.byte	0x4
 412 005f 05       		.byte	0x5
 413 0060 696E7400 		.ascii	"int\000"
 414 0064 02       		.uleb128 0x2
 415 0065 04       		.byte	0x4
 416 0066 07       		.byte	0x7
 417 0067 12010000 		.4byte	.LASF8
 418 006b 04       		.uleb128 0x4
 419 006c 78000000 		.4byte	.LASF9
 420 0070 02       		.byte	0x2
 421 0071 9801     		.2byte	0x198
 422 0073 2C000000 		.4byte	0x2c
 423 0077 04       		.uleb128 0x4
 424 0078 9E000000 		.4byte	.LASF10
 425 007c 02       		.byte	0x2
 426 007d 9A01     		.2byte	0x19a
 427 007f 48000000 		.4byte	0x48
 428 0083 02       		.uleb128 0x2
 429 0084 04       		.byte	0x4
 430 0085 04       		.byte	0x4
 431 0086 29000000 		.4byte	.LASF11
 432 008a 02       		.uleb128 0x2
 433 008b 08       		.byte	0x8
 434 008c 04       		.byte	0x4
 435 008d 97000000 		.4byte	.LASF12
 436 0091 04       		.uleb128 0x4
 437 0092 59000000 		.4byte	.LASF13
 438 0096 02       		.byte	0x2
 439 0097 A901     		.2byte	0x1a9
 440 0099 9D000000 		.4byte	0x9d
 441 009d 02       		.uleb128 0x2
 442 009e 01       		.byte	0x1
 443 009f 08       		.byte	0x8
 444 00a0 24010000 		.4byte	.LASF14
 445 00a4 02       		.uleb128 0x2
 446 00a5 04       		.byte	0x4
 447 00a6 07       		.byte	0x7
 448 00a7 35010000 		.4byte	.LASF15
 449 00ab 05       		.uleb128 0x5
 450 00ac 04       		.byte	0x4
 451 00ad 6B000000 		.4byte	0x6b
 452 00b1 06       		.uleb128 0x6
 453 00b2 2E010000 		.4byte	.LASF28
 454 00b6 01       		.byte	0x1
 455 00b7 0D       		.byte	0xd
 456 00b8 AB000000 		.4byte	0xab
 457 00bc 00000000 		.4byte	.LFB38
ARM GAS  C:\Users\sst5281\AppData\Local\Temp\ccvcjDwD.s 			page 11


 458 00c0 0C000000 		.4byte	.LFE38-.LFB38
 459 00c4 01       		.uleb128 0x1
 460 00c5 9C       		.byte	0x9c
 461 00c6 DA000000 		.4byte	0xda
 462 00ca 07       		.uleb128 0x7
 463 00cb 16020000 		.4byte	.LASF16
 464 00cf 01       		.byte	0x1
 465 00d0 0D       		.byte	0xd
 466 00d1 77000000 		.4byte	0x77
 467 00d5 00000000 		.4byte	.LLST0
 468 00d9 00       		.byte	0
 469 00da 08       		.uleb128 0x8
 470 00db EF010000 		.4byte	.LASF29
 471 00df 01       		.byte	0x1
 472 00e0 07       		.byte	0x7
 473 00e1 00000000 		.4byte	.LFB37
 474 00e5 08000000 		.4byte	.LFE37-.LFB37
 475 00e9 01       		.uleb128 0x1
 476 00ea 9C       		.byte	0x9c
 477 00eb 07010000 		.4byte	0x107
 478 00ef 09       		.uleb128 0x9
 479 00f0 636800   		.ascii	"ch\000"
 480 00f3 01       		.byte	0x1
 481 00f4 07       		.byte	0x7
 482 00f5 91000000 		.4byte	0x91
 483 00f9 26000000 		.4byte	.LLST1
 484 00fd 0A       		.uleb128 0xa
 485 00fe 06000000 		.4byte	.LVL3
 486 0102 1F020000 		.4byte	0x21f
 487 0106 00       		.byte	0
 488 0107 0B       		.uleb128 0xb
 489 0108 00000000 		.4byte	.LASF30
 490 010c 01       		.byte	0x1
 491 010d 13       		.byte	0x13
 492 010e 00000000 		.4byte	.LFB39
 493 0112 32010000 		.4byte	.LFE39-.LFB39
 494 0116 01       		.uleb128 0x1
 495 0117 9C       		.byte	0x9c
 496 0118 03020000 		.4byte	0x203
 497 011c 0C       		.uleb128 0xc
 498 011d 22000000 		.4byte	.LASF17
 499 0121 01       		.byte	0x1
 500 0122 13       		.byte	0x13
 501 0123 03020000 		.4byte	0x203
 502 0127 02       		.uleb128 0x2
 503 0128 91       		.byte	0x91
 504 0129 70       		.sleb128 -16
 505 012a 0D       		.uleb128 0xd
 506 012b 0E       		.uleb128 0xe
 507 012c 5F000000 		.4byte	.LASF18
 508 0130 01       		.byte	0x1
 509 0131 15       		.byte	0x15
 510 0132 AB000000 		.4byte	0xab
 511 0136 47000000 		.4byte	.LLST2
 512 013a 0E       		.uleb128 0xe
 513 013b 1F010000 		.4byte	.LASF19
 514 013f 01       		.byte	0x1
ARM GAS  C:\Users\sst5281\AppData\Local\Temp\ccvcjDwD.s 			page 12


 515 0140 16       		.byte	0x16
 516 0141 77000000 		.4byte	0x77
 517 0145 5A000000 		.4byte	.LLST3
 518 0149 0E       		.uleb128 0xe
 519 014a 29010000 		.4byte	.LASF20
 520 014e 01       		.byte	0x1
 521 014f 16       		.byte	0x16
 522 0150 77000000 		.4byte	0x77
 523 0154 83000000 		.4byte	.LLST4
 524 0158 0F       		.uleb128 0xf
 525 0159 6900     		.ascii	"i\000"
 526 015b 01       		.byte	0x1
 527 015c 16       		.byte	0x16
 528 015d 77000000 		.4byte	0x77
 529 0161 96000000 		.4byte	.LLST5
 530 0165 10       		.uleb128 0x10
 531 0166 08000000 		.4byte	.LASF21
 532 016a 01       		.byte	0x1
 533 016b 16       		.byte	0x16
 534 016c 09020000 		.4byte	0x209
 535 0170 03       		.uleb128 0x3
 536 0171 91       		.byte	0x91
 537 0172 A87F     		.sleb128 -88
 538 0174 0E       		.uleb128 0xe
 539 0175 51010000 		.4byte	.LASF22
 540 0179 01       		.byte	0x1
 541 017a 16       		.byte	0x16
 542 017b 77000000 		.4byte	0x77
 543 017f 1E010000 		.4byte	.LLST6
 544 0183 0E       		.uleb128 0xe
 545 0184 54000000 		.4byte	.LASF23
 546 0188 01       		.byte	0x1
 547 0189 17       		.byte	0x17
 548 018a 6B000000 		.4byte	0x6b
 549 018e 95010000 		.4byte	.LLST7
 550 0192 0E       		.uleb128 0xe
 551 0193 4C010000 		.4byte	.LASF24
 552 0197 01       		.byte	0x1
 553 0198 18       		.byte	0x18
 554 0199 19020000 		.4byte	0x219
 555 019d A8010000 		.4byte	.LLST8
 556 01a1 0A       		.uleb128 0xa
 557 01a2 12000000 		.4byte	.LVL7
 558 01a6 DA000000 		.4byte	0xda
 559 01aa 0A       		.uleb128 0xa
 560 01ab 36000000 		.4byte	.LVL12
 561 01af DA000000 		.4byte	0xda
 562 01b3 11       		.uleb128 0x11
 563 01b4 88000000 		.4byte	.LVL26
 564 01b8 B1000000 		.4byte	0xb1
 565 01bc CD010000 		.4byte	0x1cd
 566 01c0 12       		.uleb128 0x12
 567 01c1 01       		.uleb128 0x1
 568 01c2 50       		.byte	0x50
 569 01c3 08       		.uleb128 0x8
 570 01c4 74       		.byte	0x74
 571 01c5 00       		.sleb128 0
ARM GAS  C:\Users\sst5281\AppData\Local\Temp\ccvcjDwD.s 			page 13


 572 01c6 32       		.byte	0x32
 573 01c7 24       		.byte	0x24
 574 01c8 7D       		.byte	0x7d
 575 01c9 00       		.sleb128 0
 576 01ca 22       		.byte	0x22
 577 01cb 06       		.byte	0x6
 578 01cc 00       		.byte	0
 579 01cd 0A       		.uleb128 0xa
 580 01ce 8E000000 		.4byte	.LVL27
 581 01d2 DA000000 		.4byte	0xda
 582 01d6 0A       		.uleb128 0xa
 583 01d7 B0000000 		.4byte	.LVL33
 584 01db DA000000 		.4byte	0xda
 585 01df 11       		.uleb128 0x11
 586 01e0 06010000 		.4byte	.LVL48
 587 01e4 B1000000 		.4byte	0xb1
 588 01e8 F9010000 		.4byte	0x1f9
 589 01ec 12       		.uleb128 0x12
 590 01ed 01       		.uleb128 0x1
 591 01ee 50       		.byte	0x50
 592 01ef 08       		.uleb128 0x8
 593 01f0 74       		.byte	0x74
 594 01f1 00       		.sleb128 0
 595 01f2 32       		.byte	0x32
 596 01f3 24       		.byte	0x24
 597 01f4 7D       		.byte	0x7d
 598 01f5 00       		.sleb128 0
 599 01f6 22       		.byte	0x22
 600 01f7 06       		.byte	0x6
 601 01f8 00       		.byte	0
 602 01f9 0A       		.uleb128 0xa
 603 01fa 0C010000 		.4byte	.LVL49
 604 01fe DA000000 		.4byte	0xda
 605 0202 00       		.byte	0
 606 0203 05       		.uleb128 0x5
 607 0204 04       		.byte	0x4
 608 0205 91000000 		.4byte	0x91
 609 0209 13       		.uleb128 0x13
 610 020a 77000000 		.4byte	0x77
 611 020e 19020000 		.4byte	0x219
 612 0212 14       		.uleb128 0x14
 613 0213 A4000000 		.4byte	0xa4
 614 0217 0B       		.byte	0xb
 615 0218 00       		.byte	0
 616 0219 05       		.uleb128 0x5
 617 021a 04       		.byte	0x4
 618 021b 77000000 		.4byte	0x77
 619 021f 15       		.uleb128 0x15
 620 0220 7E000000 		.4byte	.LASF31
 621 0224 03       		.byte	0x3
 622 0225 3A03     		.2byte	0x33a
 623 0227 16       		.uleb128 0x16
 624 0228 77000000 		.4byte	0x77
 625 022c 00       		.byte	0
 626 022d 00       		.byte	0
 627              		.section	.debug_abbrev,"",%progbits
 628              	.Ldebug_abbrev0:
ARM GAS  C:\Users\sst5281\AppData\Local\Temp\ccvcjDwD.s 			page 14


 629 0000 01       		.uleb128 0x1
 630 0001 11       		.uleb128 0x11
 631 0002 01       		.byte	0x1
 632 0003 25       		.uleb128 0x25
 633 0004 0E       		.uleb128 0xe
 634 0005 13       		.uleb128 0x13
 635 0006 0B       		.uleb128 0xb
 636 0007 03       		.uleb128 0x3
 637 0008 0E       		.uleb128 0xe
 638 0009 1B       		.uleb128 0x1b
 639 000a 0E       		.uleb128 0xe
 640 000b 55       		.uleb128 0x55
 641 000c 17       		.uleb128 0x17
 642 000d 11       		.uleb128 0x11
 643 000e 01       		.uleb128 0x1
 644 000f 10       		.uleb128 0x10
 645 0010 17       		.uleb128 0x17
 646 0011 00       		.byte	0
 647 0012 00       		.byte	0
 648 0013 02       		.uleb128 0x2
 649 0014 24       		.uleb128 0x24
 650 0015 00       		.byte	0
 651 0016 0B       		.uleb128 0xb
 652 0017 0B       		.uleb128 0xb
 653 0018 3E       		.uleb128 0x3e
 654 0019 0B       		.uleb128 0xb
 655 001a 03       		.uleb128 0x3
 656 001b 0E       		.uleb128 0xe
 657 001c 00       		.byte	0
 658 001d 00       		.byte	0
 659 001e 03       		.uleb128 0x3
 660 001f 24       		.uleb128 0x24
 661 0020 00       		.byte	0
 662 0021 0B       		.uleb128 0xb
 663 0022 0B       		.uleb128 0xb
 664 0023 3E       		.uleb128 0x3e
 665 0024 0B       		.uleb128 0xb
 666 0025 03       		.uleb128 0x3
 667 0026 08       		.uleb128 0x8
 668 0027 00       		.byte	0
 669 0028 00       		.byte	0
 670 0029 04       		.uleb128 0x4
 671 002a 16       		.uleb128 0x16
 672 002b 00       		.byte	0
 673 002c 03       		.uleb128 0x3
 674 002d 0E       		.uleb128 0xe
 675 002e 3A       		.uleb128 0x3a
 676 002f 0B       		.uleb128 0xb
 677 0030 3B       		.uleb128 0x3b
 678 0031 05       		.uleb128 0x5
 679 0032 49       		.uleb128 0x49
 680 0033 13       		.uleb128 0x13
 681 0034 00       		.byte	0
 682 0035 00       		.byte	0
 683 0036 05       		.uleb128 0x5
 684 0037 0F       		.uleb128 0xf
 685 0038 00       		.byte	0
ARM GAS  C:\Users\sst5281\AppData\Local\Temp\ccvcjDwD.s 			page 15


 686 0039 0B       		.uleb128 0xb
 687 003a 0B       		.uleb128 0xb
 688 003b 49       		.uleb128 0x49
 689 003c 13       		.uleb128 0x13
 690 003d 00       		.byte	0
 691 003e 00       		.byte	0
 692 003f 06       		.uleb128 0x6
 693 0040 2E       		.uleb128 0x2e
 694 0041 01       		.byte	0x1
 695 0042 03       		.uleb128 0x3
 696 0043 0E       		.uleb128 0xe
 697 0044 3A       		.uleb128 0x3a
 698 0045 0B       		.uleb128 0xb
 699 0046 3B       		.uleb128 0x3b
 700 0047 0B       		.uleb128 0xb
 701 0048 27       		.uleb128 0x27
 702 0049 19       		.uleb128 0x19
 703 004a 49       		.uleb128 0x49
 704 004b 13       		.uleb128 0x13
 705 004c 11       		.uleb128 0x11
 706 004d 01       		.uleb128 0x1
 707 004e 12       		.uleb128 0x12
 708 004f 06       		.uleb128 0x6
 709 0050 40       		.uleb128 0x40
 710 0051 18       		.uleb128 0x18
 711 0052 9742     		.uleb128 0x2117
 712 0054 19       		.uleb128 0x19
 713 0055 01       		.uleb128 0x1
 714 0056 13       		.uleb128 0x13
 715 0057 00       		.byte	0
 716 0058 00       		.byte	0
 717 0059 07       		.uleb128 0x7
 718 005a 05       		.uleb128 0x5
 719 005b 00       		.byte	0
 720 005c 03       		.uleb128 0x3
 721 005d 0E       		.uleb128 0xe
 722 005e 3A       		.uleb128 0x3a
 723 005f 0B       		.uleb128 0xb
 724 0060 3B       		.uleb128 0x3b
 725 0061 0B       		.uleb128 0xb
 726 0062 49       		.uleb128 0x49
 727 0063 13       		.uleb128 0x13
 728 0064 02       		.uleb128 0x2
 729 0065 17       		.uleb128 0x17
 730 0066 00       		.byte	0
 731 0067 00       		.byte	0
 732 0068 08       		.uleb128 0x8
 733 0069 2E       		.uleb128 0x2e
 734 006a 01       		.byte	0x1
 735 006b 03       		.uleb128 0x3
 736 006c 0E       		.uleb128 0xe
 737 006d 3A       		.uleb128 0x3a
 738 006e 0B       		.uleb128 0xb
 739 006f 3B       		.uleb128 0x3b
 740 0070 0B       		.uleb128 0xb
 741 0071 27       		.uleb128 0x27
 742 0072 19       		.uleb128 0x19
ARM GAS  C:\Users\sst5281\AppData\Local\Temp\ccvcjDwD.s 			page 16


 743 0073 11       		.uleb128 0x11
 744 0074 01       		.uleb128 0x1
 745 0075 12       		.uleb128 0x12
 746 0076 06       		.uleb128 0x6
 747 0077 40       		.uleb128 0x40
 748 0078 18       		.uleb128 0x18
 749 0079 9742     		.uleb128 0x2117
 750 007b 19       		.uleb128 0x19
 751 007c 01       		.uleb128 0x1
 752 007d 13       		.uleb128 0x13
 753 007e 00       		.byte	0
 754 007f 00       		.byte	0
 755 0080 09       		.uleb128 0x9
 756 0081 05       		.uleb128 0x5
 757 0082 00       		.byte	0
 758 0083 03       		.uleb128 0x3
 759 0084 08       		.uleb128 0x8
 760 0085 3A       		.uleb128 0x3a
 761 0086 0B       		.uleb128 0xb
 762 0087 3B       		.uleb128 0x3b
 763 0088 0B       		.uleb128 0xb
 764 0089 49       		.uleb128 0x49
 765 008a 13       		.uleb128 0x13
 766 008b 02       		.uleb128 0x2
 767 008c 17       		.uleb128 0x17
 768 008d 00       		.byte	0
 769 008e 00       		.byte	0
 770 008f 0A       		.uleb128 0xa
 771 0090 898201   		.uleb128 0x4109
 772 0093 00       		.byte	0
 773 0094 11       		.uleb128 0x11
 774 0095 01       		.uleb128 0x1
 775 0096 31       		.uleb128 0x31
 776 0097 13       		.uleb128 0x13
 777 0098 00       		.byte	0
 778 0099 00       		.byte	0
 779 009a 0B       		.uleb128 0xb
 780 009b 2E       		.uleb128 0x2e
 781 009c 01       		.byte	0x1
 782 009d 3F       		.uleb128 0x3f
 783 009e 19       		.uleb128 0x19
 784 009f 03       		.uleb128 0x3
 785 00a0 0E       		.uleb128 0xe
 786 00a1 3A       		.uleb128 0x3a
 787 00a2 0B       		.uleb128 0xb
 788 00a3 3B       		.uleb128 0x3b
 789 00a4 0B       		.uleb128 0xb
 790 00a5 27       		.uleb128 0x27
 791 00a6 19       		.uleb128 0x19
 792 00a7 11       		.uleb128 0x11
 793 00a8 01       		.uleb128 0x1
 794 00a9 12       		.uleb128 0x12
 795 00aa 06       		.uleb128 0x6
 796 00ab 40       		.uleb128 0x40
 797 00ac 18       		.uleb128 0x18
 798 00ad 9642     		.uleb128 0x2116
 799 00af 19       		.uleb128 0x19
ARM GAS  C:\Users\sst5281\AppData\Local\Temp\ccvcjDwD.s 			page 17


 800 00b0 01       		.uleb128 0x1
 801 00b1 13       		.uleb128 0x13
 802 00b2 00       		.byte	0
 803 00b3 00       		.byte	0
 804 00b4 0C       		.uleb128 0xc
 805 00b5 05       		.uleb128 0x5
 806 00b6 00       		.byte	0
 807 00b7 03       		.uleb128 0x3
 808 00b8 0E       		.uleb128 0xe
 809 00b9 3A       		.uleb128 0x3a
 810 00ba 0B       		.uleb128 0xb
 811 00bb 3B       		.uleb128 0x3b
 812 00bc 0B       		.uleb128 0xb
 813 00bd 49       		.uleb128 0x49
 814 00be 13       		.uleb128 0x13
 815 00bf 02       		.uleb128 0x2
 816 00c0 18       		.uleb128 0x18
 817 00c1 00       		.byte	0
 818 00c2 00       		.byte	0
 819 00c3 0D       		.uleb128 0xd
 820 00c4 18       		.uleb128 0x18
 821 00c5 00       		.byte	0
 822 00c6 00       		.byte	0
 823 00c7 00       		.byte	0
 824 00c8 0E       		.uleb128 0xe
 825 00c9 34       		.uleb128 0x34
 826 00ca 00       		.byte	0
 827 00cb 03       		.uleb128 0x3
 828 00cc 0E       		.uleb128 0xe
 829 00cd 3A       		.uleb128 0x3a
 830 00ce 0B       		.uleb128 0xb
 831 00cf 3B       		.uleb128 0x3b
 832 00d0 0B       		.uleb128 0xb
 833 00d1 49       		.uleb128 0x49
 834 00d2 13       		.uleb128 0x13
 835 00d3 02       		.uleb128 0x2
 836 00d4 17       		.uleb128 0x17
 837 00d5 00       		.byte	0
 838 00d6 00       		.byte	0
 839 00d7 0F       		.uleb128 0xf
 840 00d8 34       		.uleb128 0x34
 841 00d9 00       		.byte	0
 842 00da 03       		.uleb128 0x3
 843 00db 08       		.uleb128 0x8
 844 00dc 3A       		.uleb128 0x3a
 845 00dd 0B       		.uleb128 0xb
 846 00de 3B       		.uleb128 0x3b
 847 00df 0B       		.uleb128 0xb
 848 00e0 49       		.uleb128 0x49
 849 00e1 13       		.uleb128 0x13
 850 00e2 02       		.uleb128 0x2
 851 00e3 17       		.uleb128 0x17
 852 00e4 00       		.byte	0
 853 00e5 00       		.byte	0
 854 00e6 10       		.uleb128 0x10
 855 00e7 34       		.uleb128 0x34
 856 00e8 00       		.byte	0
ARM GAS  C:\Users\sst5281\AppData\Local\Temp\ccvcjDwD.s 			page 18


 857 00e9 03       		.uleb128 0x3
 858 00ea 0E       		.uleb128 0xe
 859 00eb 3A       		.uleb128 0x3a
 860 00ec 0B       		.uleb128 0xb
 861 00ed 3B       		.uleb128 0x3b
 862 00ee 0B       		.uleb128 0xb
 863 00ef 49       		.uleb128 0x49
 864 00f0 13       		.uleb128 0x13
 865 00f1 02       		.uleb128 0x2
 866 00f2 18       		.uleb128 0x18
 867 00f3 00       		.byte	0
 868 00f4 00       		.byte	0
 869 00f5 11       		.uleb128 0x11
 870 00f6 898201   		.uleb128 0x4109
 871 00f9 01       		.byte	0x1
 872 00fa 11       		.uleb128 0x11
 873 00fb 01       		.uleb128 0x1
 874 00fc 31       		.uleb128 0x31
 875 00fd 13       		.uleb128 0x13
 876 00fe 01       		.uleb128 0x1
 877 00ff 13       		.uleb128 0x13
 878 0100 00       		.byte	0
 879 0101 00       		.byte	0
 880 0102 12       		.uleb128 0x12
 881 0103 8A8201   		.uleb128 0x410a
 882 0106 00       		.byte	0
 883 0107 02       		.uleb128 0x2
 884 0108 18       		.uleb128 0x18
 885 0109 9142     		.uleb128 0x2111
 886 010b 18       		.uleb128 0x18
 887 010c 00       		.byte	0
 888 010d 00       		.byte	0
 889 010e 13       		.uleb128 0x13
 890 010f 01       		.uleb128 0x1
 891 0110 01       		.byte	0x1
 892 0111 49       		.uleb128 0x49
 893 0112 13       		.uleb128 0x13
 894 0113 01       		.uleb128 0x1
 895 0114 13       		.uleb128 0x13
 896 0115 00       		.byte	0
 897 0116 00       		.byte	0
 898 0117 14       		.uleb128 0x14
 899 0118 21       		.uleb128 0x21
 900 0119 00       		.byte	0
 901 011a 49       		.uleb128 0x49
 902 011b 13       		.uleb128 0x13
 903 011c 2F       		.uleb128 0x2f
 904 011d 0B       		.uleb128 0xb
 905 011e 00       		.byte	0
 906 011f 00       		.byte	0
 907 0120 15       		.uleb128 0x15
 908 0121 2E       		.uleb128 0x2e
 909 0122 01       		.byte	0x1
 910 0123 3F       		.uleb128 0x3f
 911 0124 19       		.uleb128 0x19
 912 0125 03       		.uleb128 0x3
 913 0126 0E       		.uleb128 0xe
ARM GAS  C:\Users\sst5281\AppData\Local\Temp\ccvcjDwD.s 			page 19


 914 0127 3A       		.uleb128 0x3a
 915 0128 0B       		.uleb128 0xb
 916 0129 3B       		.uleb128 0x3b
 917 012a 05       		.uleb128 0x5
 918 012b 27       		.uleb128 0x27
 919 012c 19       		.uleb128 0x19
 920 012d 3C       		.uleb128 0x3c
 921 012e 19       		.uleb128 0x19
 922 012f 00       		.byte	0
 923 0130 00       		.byte	0
 924 0131 16       		.uleb128 0x16
 925 0132 05       		.uleb128 0x5
 926 0133 00       		.byte	0
 927 0134 49       		.uleb128 0x49
 928 0135 13       		.uleb128 0x13
 929 0136 00       		.byte	0
 930 0137 00       		.byte	0
 931 0138 00       		.byte	0
 932              		.section	.debug_loc,"",%progbits
 933              	.Ldebug_loc0:
 934              	.LLST0:
 935 0000 00000000 		.4byte	.LVL0
 936 0004 04000000 		.4byte	.LVL1
 937 0008 0100     		.2byte	0x1
 938 000a 50       		.byte	0x50
 939 000b 04000000 		.4byte	.LVL1
 940 000f 0C000000 		.4byte	.LFE38
 941 0013 0900     		.2byte	0x9
 942 0015 70       		.byte	0x70
 943 0016 00       		.sleb128 0
 944 0017 03       		.byte	0x3
 945 0018 00000000 		.4byte	.LC0
 946 001c 1C       		.byte	0x1c
 947 001d 9F       		.byte	0x9f
 948 001e 00000000 		.4byte	0
 949 0022 00000000 		.4byte	0
 950              	.LLST1:
 951 0026 00000000 		.4byte	.LVL2
 952 002a 05000000 		.4byte	.LVL3-1
 953 002e 0100     		.2byte	0x1
 954 0030 50       		.byte	0x50
 955 0031 05000000 		.4byte	.LVL3-1
 956 0035 08000000 		.4byte	.LFE37
 957 0039 0400     		.2byte	0x4
 958 003b F3       		.byte	0xf3
 959 003c 01       		.uleb128 0x1
 960 003d 50       		.byte	0x50
 961 003e 9F       		.byte	0x9f
 962 003f 00000000 		.4byte	0
 963 0043 00000000 		.4byte	0
 964              	.LLST2:
 965 0047 30000000 		.4byte	.LVL10
 966 004b 46000000 		.4byte	.LVL14
 967 004f 0100     		.2byte	0x1
 968 0051 54       		.byte	0x54
 969 0052 00000000 		.4byte	0
 970 0056 00000000 		.4byte	0
ARM GAS  C:\Users\sst5281\AppData\Local\Temp\ccvcjDwD.s 			page 20


 971              	.LLST3:
 972 005a 58000000 		.4byte	.LVL18
 973 005e 74000000 		.4byte	.LVL23
 974 0062 0100     		.2byte	0x1
 975 0064 56       		.byte	0x56
 976 0065 74000000 		.4byte	.LVL23
 977 0069 7C000000 		.4byte	.LVL24
 978 006d 0100     		.2byte	0x1
 979 006f 50       		.byte	0x50
 980 0070 7C000000 		.4byte	.LVL24
 981 0074 9C000000 		.4byte	.LVL29
 982 0078 0100     		.2byte	0x1
 983 007a 56       		.byte	0x56
 984 007b 00000000 		.4byte	0
 985 007f 00000000 		.4byte	0
 986              	.LLST4:
 987 0083 CA000000 		.4byte	.LVL37
 988 0087 F2000000 		.4byte	.LVL44
 989 008b 0100     		.2byte	0x1
 990 008d 52       		.byte	0x52
 991 008e 00000000 		.4byte	0
 992 0092 00000000 		.4byte	0
 993              	.LLST5:
 994 0096 06000000 		.4byte	.LVL5
 995 009a 0A000000 		.4byte	.LVL6
 996 009e 0200     		.2byte	0x2
 997 00a0 30       		.byte	0x30
 998 00a1 9F       		.byte	0x9f
 999 00a2 58000000 		.4byte	.LVL18
 1000 00a6 5A000000 		.4byte	.LVL19
 1001 00aa 0200     		.2byte	0x2
 1002 00ac 30       		.byte	0x30
 1003 00ad 9F       		.byte	0x9f
 1004 00ae 5A000000 		.4byte	.LVL19
 1005 00b2 5C000000 		.4byte	.LVL20
 1006 00b6 0100     		.2byte	0x1
 1007 00b8 55       		.byte	0x55
 1008 00b9 5C000000 		.4byte	.LVL20
 1009 00bd 9A000000 		.4byte	.LVL28
 1010 00c1 0100     		.2byte	0x1
 1011 00c3 54       		.byte	0x54
 1012 00c4 CA000000 		.4byte	.LVL37
 1013 00c8 CC000000 		.4byte	.LVL38
 1014 00cc 0200     		.2byte	0x2
 1015 00ce 30       		.byte	0x30
 1016 00cf 9F       		.byte	0x9f
 1017 00d0 CC000000 		.4byte	.LVL38
 1018 00d4 CE000000 		.4byte	.LVL39
 1019 00d8 0100     		.2byte	0x1
 1020 00da 53       		.byte	0x53
 1021 00db CE000000 		.4byte	.LVL39
 1022 00df E8000000 		.4byte	.LVL41
 1023 00e3 0100     		.2byte	0x1
 1024 00e5 54       		.byte	0x54
 1025 00e6 E8000000 		.4byte	.LVL41
 1026 00ea EA000000 		.4byte	.LVL42
 1027 00ee 0300     		.2byte	0x3
ARM GAS  C:\Users\sst5281\AppData\Local\Temp\ccvcjDwD.s 			page 21


 1028 00f0 74       		.byte	0x74
 1029 00f1 7F       		.sleb128 -1
 1030 00f2 9F       		.byte	0x9f
 1031 00f3 EA000000 		.4byte	.LVL42
 1032 00f7 EE000000 		.4byte	.LVL43
 1033 00fb 0100     		.2byte	0x1
 1034 00fd 54       		.byte	0x54
 1035 00fe EE000000 		.4byte	.LVL43
 1036 0102 F8000000 		.4byte	.LVL45
 1037 0106 0300     		.2byte	0x3
 1038 0108 74       		.byte	0x74
 1039 0109 01       		.sleb128 1
 1040 010a 9F       		.byte	0x9f
 1041 010b F8000000 		.4byte	.LVL45
 1042 010f 18010000 		.4byte	.LVL50
 1043 0113 0100     		.2byte	0x1
 1044 0115 54       		.byte	0x54
 1045 0116 00000000 		.4byte	0
 1046 011a 00000000 		.4byte	0
 1047              	.LLST6:
 1048 011e 06000000 		.4byte	.LVL5
 1049 0122 0A000000 		.4byte	.LVL6
 1050 0126 0200     		.2byte	0x2
 1051 0128 31       		.byte	0x31
 1052 0129 9F       		.byte	0x9f
 1053 012a 0A000000 		.4byte	.LVL6
 1054 012e 26000000 		.4byte	.LVL8
 1055 0132 0100     		.2byte	0x1
 1056 0134 54       		.byte	0x54
 1057 0135 26000000 		.4byte	.LVL8
 1058 0139 48000000 		.4byte	.LVL15
 1059 013d 0100     		.2byte	0x1
 1060 013f 55       		.byte	0x55
 1061 0140 48000000 		.4byte	.LVL15
 1062 0144 4E000000 		.4byte	.LVL16
 1063 0148 0100     		.2byte	0x1
 1064 014a 54       		.byte	0x54
 1065 014b 4E000000 		.4byte	.LVL16
 1066 014f 9C000000 		.4byte	.LVL29
 1067 0153 0100     		.2byte	0x1
 1068 0155 57       		.byte	0x57
 1069 0156 9C000000 		.4byte	.LVL29
 1070 015a A2000000 		.4byte	.LVL30
 1071 015e 0100     		.2byte	0x1
 1072 0160 54       		.byte	0x54
 1073 0161 A2000000 		.4byte	.LVL30
 1074 0165 BA000000 		.4byte	.LVL34
 1075 0169 0100     		.2byte	0x1
 1076 016b 55       		.byte	0x55
 1077 016c BA000000 		.4byte	.LVL34
 1078 0170 C0000000 		.4byte	.LVL35
 1079 0174 0100     		.2byte	0x1
 1080 0176 54       		.byte	0x54
 1081 0177 C0000000 		.4byte	.LVL35
 1082 017b 1A010000 		.4byte	.LVL51
 1083 017f 0100     		.2byte	0x1
 1084 0181 55       		.byte	0x55
ARM GAS  C:\Users\sst5281\AppData\Local\Temp\ccvcjDwD.s 			page 22


 1085 0182 1A010000 		.4byte	.LVL51
 1086 0186 2A010000 		.4byte	.LVL53
 1087 018a 0100     		.2byte	0x1
 1088 018c 54       		.byte	0x54
 1089 018d 00000000 		.4byte	0
 1090 0191 00000000 		.4byte	0
 1091              	.LLST7:
 1092 0195 AC000000 		.4byte	.LVL32
 1093 0199 AF000000 		.4byte	.LVL33-1
 1094 019d 0100     		.2byte	0x1
 1095 019f 50       		.byte	0x50
 1096 01a0 00000000 		.4byte	0
 1097 01a4 00000000 		.4byte	0
 1098              	.LLST8:
 1099 01a8 06000000 		.4byte	.LVL5
 1100 01ac 2A000000 		.4byte	.LVL9
 1101 01b0 0300     		.2byte	0x3
 1102 01b2 91       		.byte	0x91
 1103 01b3 50       		.sleb128 -48
 1104 01b4 9F       		.byte	0x9f
 1105 01b5 2A000000 		.4byte	.LVL9
 1106 01b9 32000000 		.4byte	.LVL11
 1107 01bd 0100     		.2byte	0x1
 1108 01bf 53       		.byte	0x53
 1109 01c0 32000000 		.4byte	.LVL11
 1110 01c4 52000000 		.4byte	.LVL17
 1111 01c8 0300     		.2byte	0x3
 1112 01ca 91       		.byte	0x91
 1113 01cb 50       		.sleb128 -48
 1114 01cc 9F       		.byte	0x9f
 1115 01cd 52000000 		.4byte	.LVL17
 1116 01d1 5A000000 		.4byte	.LVL19
 1117 01d5 0100     		.2byte	0x1
 1118 01d7 53       		.byte	0x53
 1119 01d8 5A000000 		.4byte	.LVL19
 1120 01dc A6000000 		.4byte	.LVL31
 1121 01e0 0300     		.2byte	0x3
 1122 01e2 91       		.byte	0x91
 1123 01e3 50       		.sleb128 -48
 1124 01e4 9F       		.byte	0x9f
 1125 01e5 A6000000 		.4byte	.LVL31
 1126 01e9 AF000000 		.4byte	.LVL33-1
 1127 01ed 0100     		.2byte	0x1
 1128 01ef 53       		.byte	0x53
 1129 01f0 AF000000 		.4byte	.LVL33-1
 1130 01f4 C4000000 		.4byte	.LVL36
 1131 01f8 0300     		.2byte	0x3
 1132 01fa 91       		.byte	0x91
 1133 01fb 50       		.sleb128 -48
 1134 01fc 9F       		.byte	0x9f
 1135 01fd C4000000 		.4byte	.LVL36
 1136 0201 CC000000 		.4byte	.LVL38
 1137 0205 0100     		.2byte	0x1
 1138 0207 53       		.byte	0x53
 1139 0208 CC000000 		.4byte	.LVL38
 1140 020c FA000000 		.4byte	.LVL46
 1141 0210 0100     		.2byte	0x1
ARM GAS  C:\Users\sst5281\AppData\Local\Temp\ccvcjDwD.s 			page 23


 1142 0212 5C       		.byte	0x5c
 1143 0213 FA000000 		.4byte	.LVL46
 1144 0217 32010000 		.4byte	.LFE39
 1145 021b 0300     		.2byte	0x3
 1146 021d 91       		.byte	0x91
 1147 021e 50       		.sleb128 -48
 1148 021f 9F       		.byte	0x9f
 1149 0220 00000000 		.4byte	0
 1150 0224 00000000 		.4byte	0
 1151              		.section	.debug_aranges,"",%progbits
 1152 0000 2C000000 		.4byte	0x2c
 1153 0004 0200     		.2byte	0x2
 1154 0006 00000000 		.4byte	.Ldebug_info0
 1155 000a 04       		.byte	0x4
 1156 000b 00       		.byte	0
 1157 000c 0000     		.2byte	0
 1158 000e 0000     		.2byte	0
 1159 0010 00000000 		.4byte	.LFB38
 1160 0014 0C000000 		.4byte	.LFE38-.LFB38
 1161 0018 00000000 		.4byte	.LFB37
 1162 001c 08000000 		.4byte	.LFE37-.LFB37
 1163 0020 00000000 		.4byte	.LFB39
 1164 0024 32010000 		.4byte	.LFE39-.LFB39
 1165 0028 00000000 		.4byte	0
 1166 002c 00000000 		.4byte	0
 1167              		.section	.debug_ranges,"",%progbits
 1168              	.Ldebug_ranges0:
 1169 0000 00000000 		.4byte	.LFB38
 1170 0004 0C000000 		.4byte	.LFE38
 1171 0008 00000000 		.4byte	.LFB37
 1172 000c 08000000 		.4byte	.LFE37
 1173 0010 00000000 		.4byte	.LFB39
 1174 0014 32010000 		.4byte	.LFE39
 1175 0018 00000000 		.4byte	0
 1176 001c 00000000 		.4byte	0
 1177              		.section	.debug_line,"",%progbits
 1178              	.Ldebug_line0:
 1179 0000 01010000 		.section	.debug_str,"MS",%progbits,1
 1179      02005A00 
 1179      00000201 
 1179      FB0E0D00 
 1179      01010101 
 1180              	.LASF30:
 1181 0000 69707269 		.ascii	"iprintf\000"
 1181      6E746600 
 1182              	.LASF21:
 1183 0008 62756666 		.ascii	"buffer\000"
 1183      657200
 1184              	.LASF3:
 1185 000f 73686F72 		.ascii	"short unsigned int\000"
 1185      7420756E 
 1185      7369676E 
 1185      65642069 
 1185      6E7400
 1186              	.LASF17:
 1187 0022 70737A46 		.ascii	"pszFmt\000"
 1187      6D7400
ARM GAS  C:\Users\sst5281\AppData\Local\Temp\ccvcjDwD.s 			page 24


 1188              	.LASF11:
 1189 0029 666C6F61 		.ascii	"float\000"
 1189      7400
 1190              	.LASF7:
 1191 002f 6C6F6E67 		.ascii	"long long unsigned int\000"
 1191      206C6F6E 
 1191      6720756E 
 1191      7369676E 
 1191      65642069 
 1192              	.LASF1:
 1193 0046 756E7369 		.ascii	"unsigned char\000"
 1193      676E6564 
 1193      20636861 
 1193      7200
 1194              	.LASF23:
 1195 0054 6356616C 		.ascii	"cVal\000"
 1195      00
 1196              	.LASF13:
 1197 0059 63686172 		.ascii	"char8\000"
 1197      3800
 1198              	.LASF18:
 1199 005f 70737A56 		.ascii	"pszVal\000"
 1199      616C00
 1200              	.LASF5:
 1201 0066 6C6F6E67 		.ascii	"long unsigned int\000"
 1201      20756E73 
 1201      69676E65 
 1201      6420696E 
 1201      7400
 1202              	.LASF9:
 1203 0078 75696E74 		.ascii	"uint8\000"
 1203      3800
 1204              	.LASF31:
 1205 007e 5343425F 		.ascii	"SCB_1_SpiUartWriteTxData\000"
 1205      315F5370 
 1205      69556172 
 1205      74577269 
 1205      74655478 
 1206              	.LASF12:
 1207 0097 646F7562 		.ascii	"double\000"
 1207      6C6500
 1208              	.LASF10:
 1209 009e 75696E74 		.ascii	"uint32\000"
 1209      333200
 1210              	.LASF27:
 1211 00a5 433A5C54 		.ascii	"C:\\Temp\\FHV_MEM_2016WS_EmbeddedSystems\\Wireless "
 1211      656D705C 
 1211      4648565F 
 1211      4D454D5F 
 1211      32303136 
 1212 00d5 4E657477 		.ascii	"Networks\\Project00_FindMeProfile\\BLE_FindMe\\BLE_"
 1212      6F726B73 
 1212      5C50726F 
 1212      6A656374 
 1212      30305F46 
 1213 0105 66696E64 		.ascii	"findMe.cydsn\000"
 1213      4D652E63 
ARM GAS  C:\Users\sst5281\AppData\Local\Temp\ccvcjDwD.s 			page 25


 1213      7964736E 
 1213      00
 1214              	.LASF8:
 1215 0112 756E7369 		.ascii	"unsigned int\000"
 1215      676E6564 
 1215      20696E74 
 1215      00
 1216              	.LASF19:
 1217 011f 6956616C 		.ascii	"iVal\000"
 1217      00
 1218              	.LASF14:
 1219 0124 63686172 		.ascii	"char\000"
 1219      00
 1220              	.LASF20:
 1221 0129 7856616C 		.ascii	"xVal\000"
 1221      00
 1222              	.LASF28:
 1223 012e 6368616E 		.ascii	"change\000"
 1223      676500
 1224              	.LASF15:
 1225 0135 73697A65 		.ascii	"sizetype\000"
 1225      74797065 
 1225      00
 1226              	.LASF6:
 1227 013e 6C6F6E67 		.ascii	"long long int\000"
 1227      206C6F6E 
 1227      6720696E 
 1227      7400
 1228              	.LASF24:
 1229 014c 70417267 		.ascii	"pArg\000"
 1229      00
 1230              	.LASF22:
 1231 0151 696E6465 		.ascii	"index\000"
 1231      7800
 1232              	.LASF25:
 1233 0157 474E5520 		.ascii	"GNU C 4.9.3 20150303 (release) [ARM/embedded-4_9-br"
 1233      4320342E 
 1233      392E3320 
 1233      32303135 
 1233      30333033 
 1234 018a 616E6368 		.ascii	"anch revision 221220] -mcpu=cortex-m0 -mthumb -g -O"
 1234      20726576 
 1234      6973696F 
 1234      6E203232 
 1234      31323230 
 1235 01bd 67202D66 		.ascii	"g -ffunction-sections -ffat-lto-objects\000"
 1235      66756E63 
 1235      74696F6E 
 1235      2D736563 
 1235      74696F6E 
 1236              	.LASF2:
 1237 01e5 73686F72 		.ascii	"short int\000"
 1237      7420696E 
 1237      7400
 1238              	.LASF29:
 1239 01ef 69707574 		.ascii	"iputc\000"
 1239      6300
ARM GAS  C:\Users\sst5281\AppData\Local\Temp\ccvcjDwD.s 			page 26


 1240              	.LASF26:
 1241 01f5 2E5C6970 		.ascii	".\\iprintf.c\000"
 1241      72696E74 
 1241      662E6300 
 1242              	.LASF4:
 1243 0201 6C6F6E67 		.ascii	"long int\000"
 1243      20696E74 
 1243      00
 1244              	.LASF0:
 1245 020a 7369676E 		.ascii	"signed char\000"
 1245      65642063 
 1245      68617200 
 1246              	.LASF16:
 1247 0216 496E6465 		.ascii	"Index\000"
 1247      7800
 1248              		.ident	"GCC: (GNU Tools for ARM Embedded Processors) 4.9.3 20150303 (release) [ARM/embedded-4_9-br
