--------------- Rebuild Started: 11/10/2016 17:20:56 Project: BLE_findMe, Configuration: ARM GCC 4.9-2015-q1-update Debug ---------------
Deleting file ".\CortexM0\ARM_GCC_493\Debug\main.o"
Deleting file ".\CortexM0\ARM_GCC_493\Debug\iprintf.o"
Deleting file ".\CortexM0\ARM_GCC_493\Debug\cyfitter_cfg.o"
Deleting file ".\CortexM0\ARM_GCC_493\Debug\cymetadata.o"
Deleting file ".\CortexM0\ARM_GCC_493\Debug\BLE.o"
Deleting file ".\CortexM0\ARM_GCC_493\Debug\BLE_gatt.o"
Deleting file ".\CortexM0\ARM_GCC_493\Debug\BLE_ias.o"
Deleting file ".\CortexM0\ARM_GCC_493\Debug\BLE_eventHandler.o"
Deleting file ".\CortexM0\ARM_GCC_493\Debug\BLE_HAL_INT.o"
Deleting file ".\CortexM0\ARM_GCC_493\Debug\BLE_HAL_PVT.o"
Deleting file ".\CortexM0\ARM_GCC_493\Debug\Alert_LED.o"
Deleting file ".\CortexM0\ARM_GCC_493\Debug\Alert_LED_PM.o"
Deleting file ".\CortexM0\ARM_GCC_493\Debug\Advertising_LED.o"
Deleting file ".\CortexM0\ARM_GCC_493\Debug\Advertising_LED_PM.o"
Deleting file ".\CortexM0\ARM_GCC_493\Debug\BLE_bless_isr.o"
Deleting file ".\CortexM0\ARM_GCC_493\Debug\Cm0Start.o"
Deleting file ".\CortexM0\ARM_GCC_493\Debug\CyBootAsmGnu.o"
Deleting file ".\CortexM0\ARM_GCC_493\Debug\CyFlash.o"
Deleting file ".\CortexM0\ARM_GCC_493\Debug\CyLib.o"
Deleting file ".\CortexM0\ARM_GCC_493\Debug\cyPm.o"
Deleting file ".\CortexM0\ARM_GCC_493\Debug\cyutils.o"
Deleting file ".\CortexM0\ARM_GCC_493\Debug\CyLFClk.o"
Deleting file ".\CortexM0\ARM_GCC_493\Debug\Disconnect_LED.o"
Deleting file ".\CortexM0\ARM_GCC_493\Debug\Disconnect_LED_PM.o"
Deleting file ".\CortexM0\ARM_GCC_493\Debug\SCB_1.o"
Deleting file ".\CortexM0\ARM_GCC_493\Debug\SCB_1_SPI_UART.o"
Deleting file ".\CortexM0\ARM_GCC_493\Debug\SCB_1_SPI_UART_INT.o"
Deleting file ".\CortexM0\ARM_GCC_493\Debug\SCB_1_PM.o"
Deleting file ".\CortexM0\ARM_GCC_493\Debug\SCB_1_UART.o"
Deleting file ".\CortexM0\ARM_GCC_493\Debug\SCB_1_BOOT.o"
Deleting file ".\CortexM0\ARM_GCC_493\Debug\SCB_1_UART_BOOT.o"
Deleting file ".\CortexM0\ARM_GCC_493\Debug\SCB_1_SCBCLK.o"
Deleting file ".\CortexM0\ARM_GCC_493\Debug\SCB_1_tx.o"
Deleting file ".\CortexM0\ARM_GCC_493\Debug\SCB_1_tx_PM.o"
Deleting file ".\CortexM0\ARM_GCC_493\Debug\SCB_1_rx.o"
Deleting file ".\CortexM0\ARM_GCC_493\Debug\SCB_1_rx_PM.o"
Deleting file ".\CortexM0\ARM_GCC_493\Debug\BLE_findMe.hex"
Deleting file ".\CortexM0\ARM_GCC_493\Debug\BLE_findMe.elf"
Deleting file ".\CortexM0\ARM_GCC_493\Debug\BLE_findMe.map"
Deleting file ".\BLE_findMe.cycdx"
Deleting file ".\BLE_findMe.svd"
Deleting file ".\BLE_findMe.rpt"
Deleting file ".\BLE_findMe_timing.html"
Deleting file ".\CortexM0\ARM_GCC_493\Debug\.deps\C_FILE.P"
Deleting file ".\CortexM0\ARM_GCC_493\Debug\.deps\ARM_C_FILE.P"
Deleting file ".\CortexM0\ARM_GCC_493\Debug\.deps\GNU_ARM_ASM_FILE.P"
cydsfit.exe -.appdatapath "C:\Users\sst5281\AppData\Local\Cypress Semiconductor\PSoC Creator\3.3" -.fdsnotice -.fdswarpdepfile=warp_dependencies.txt -.fdselabdepfile=elab_dependencies.txt -.fdsbldfile=generated_files.txt -p "C:\Temp\FHV_MEM_2016WS_EmbeddedSystems\Wireless Networks\Project00_FindMeProfile\BLE_FindMe\BLE_findMe.cydsn\BLE_findMe.cyprj" -d CY8C4247LQI-BL483 -s "C:\Temp\FHV_MEM_2016WS_EmbeddedSystems\Wireless Networks\Project00_FindMeProfile\BLE_FindMe\BLE_findMe.cydsn\Generated_Source\PSoC4" -- -yv2 -q10 -ygs -o2 -v3 -.fftcfgtype=LE
Elaborating Design...
HDL Generation ...
Synthesis ...
Place and Route ...
Tech mapping ...
Analog Placement ...
Analog Routing ...
Analog Code Generation ...
Digital Placement ...
Digital Routing ...
Bitstream Generation ...
Static timing analysis ...
API Generation ...
Dependency Generation ...
Clean Temporary Files ...
arm-none-eabi-gcc.exe -mcpu=cortex-m0 -mthumb -Wno-main -I. -IGenerated_Source\PSoC4 -Wa,-alh=.\CortexM0\ARM_GCC_493\Debug/main.lst -g -D DEBUG -Wall -ffunction-sections -Og -ffat-lto-objects -c .\main.c -o .\CortexM0\ARM_GCC_493\Debug\main.o
arm-none-eabi-gcc.exe -mcpu=cortex-m0 -mthumb -Wno-main -I. -IGenerated_Source\PSoC4 -Wa,-alh=.\CortexM0\ARM_GCC_493\Debug/iprintf.lst -g -D DEBUG -Wall -ffunction-sections -Og -ffat-lto-objects -c .\iprintf.c -o .\CortexM0\ARM_GCC_493\Debug\iprintf.o
arm-none-eabi-gcc.exe -mcpu=cortex-m0 -mthumb -Wno-main -I. -IGenerated_Source\PSoC4 -Wa,-alh=.\CortexM0\ARM_GCC_493\Debug/cyfitter_cfg.lst -g -D DEBUG -Wall -ffunction-sections -Og -ffat-lto-objects -c .\Generated_Source\PSoC4\cyfitter_cfg.c -o .\CortexM0\ARM_GCC_493\Debug\cyfitter_cfg.o
arm-none-eabi-gcc.exe -mcpu=cortex-m0 -mthumb -Wno-main -I. -IGenerated_Source\PSoC4 -Wa,-alh=.\CortexM0\ARM_GCC_493\Debug/cymetadata.lst -g -D DEBUG -Wall -ffunction-sections -Og -ffat-lto-objects -c .\Generated_Source\PSoC4\cymetadata.c -o .\CortexM0\ARM_GCC_493\Debug\cymetadata.o
arm-none-eabi-gcc.exe -mcpu=cortex-m0 -mthumb -Wno-main -I. -IGenerated_Source\PSoC4 -Wa,-alh=.\CortexM0\ARM_GCC_493\Debug/BLE.lst -g -D DEBUG -Wall -ffunction-sections -Og -ffat-lto-objects -c .\Generated_Source\PSoC4\BLE.c -o .\CortexM0\ARM_GCC_493\Debug\BLE.o
arm-none-eabi-gcc.exe -mcpu=cortex-m0 -mthumb -Wno-main -I. -IGenerated_Source\PSoC4 -Wa,-alh=.\CortexM0\ARM_GCC_493\Debug/BLE_gatt.lst -g -D DEBUG -Wall -ffunction-sections -Og -ffat-lto-objects -c .\Generated_Source\PSoC4\BLE_gatt.c -o .\CortexM0\ARM_GCC_493\Debug\BLE_gatt.o
arm-none-eabi-gcc.exe -mcpu=cortex-m0 -mthumb -Wno-main -I. -IGenerated_Source\PSoC4 -Wa,-alh=.\CortexM0\ARM_GCC_493\Debug/BLE_ias.lst -g -D DEBUG -Wall -ffunction-sections -Og -ffat-lto-objects -c .\Generated_Source\PSoC4\BLE_ias.c -o .\CortexM0\ARM_GCC_493\Debug\BLE_ias.o
arm-none-eabi-gcc.exe -mcpu=cortex-m0 -mthumb -Wno-main -I. -IGenerated_Source\PSoC4 -Wa,-alh=.\CortexM0\ARM_GCC_493\Debug/BLE_eventHandler.lst -g -D DEBUG -Wall -ffunction-sections -Og -ffat-lto-objects -c .\Generated_Source\PSoC4\BLE_eventHandler.c -o .\CortexM0\ARM_GCC_493\Debug\BLE_eventHandler.o
arm-none-eabi-gcc.exe -mcpu=cortex-m0 -mthumb -Wno-main -I. -IGenerated_Source\PSoC4 -Wa,-alh=.\CortexM0\ARM_GCC_493\Debug/BLE_HAL_INT.lst -g -D DEBUG -Wall -ffunction-sections -Og -ffat-lto-objects -c .\Generated_Source\PSoC4\BLE_HAL_INT.c -o .\CortexM0\ARM_GCC_493\Debug\BLE_HAL_INT.o
arm-none-eabi-gcc.exe -mcpu=cortex-m0 -mthumb -Wno-main -I. -IGenerated_Source\PSoC4 -Wa,-alh=.\CortexM0\ARM_GCC_493\Debug/BLE_HAL_PVT.lst -g -D DEBUG -Wall -ffunction-sections -Og -ffat-lto-objects -c .\Generated_Source\PSoC4\BLE_HAL_PVT.c -o .\CortexM0\ARM_GCC_493\Debug\BLE_HAL_PVT.o
arm-none-eabi-gcc.exe -mcpu=cortex-m0 -mthumb -Wno-main -I. -IGenerated_Source\PSoC4 -Wa,-alh=.\CortexM0\ARM_GCC_493\Debug/Alert_LED.lst -g -D DEBUG -Wall -ffunction-sections -Og -ffat-lto-objects -c .\Generated_Source\PSoC4\Alert_LED.c -o .\CortexM0\ARM_GCC_493\Debug\Alert_LED.o
arm-none-eabi-gcc.exe -mcpu=cortex-m0 -mthumb -Wno-main -I. -IGenerated_Source\PSoC4 -Wa,-alh=.\CortexM0\ARM_GCC_493\Debug/Alert_LED_PM.lst -g -D DEBUG -Wall -ffunction-sections -Og -ffat-lto-objects -c .\Generated_Source\PSoC4\Alert_LED_PM.c -o .\CortexM0\ARM_GCC_493\Debug\Alert_LED_PM.o
arm-none-eabi-gcc.exe -mcpu=cortex-m0 -mthumb -Wno-main -I. -IGenerated_Source\PSoC4 -Wa,-alh=.\CortexM0\ARM_GCC_493\Debug/Advertising_LED.lst -g -D DEBUG -Wall -ffunction-sections -Og -ffat-lto-objects -c .\Generated_Source\PSoC4\Advertising_LED.c -o .\CortexM0\ARM_GCC_493\Debug\Advertising_LED.o
arm-none-eabi-gcc.exe -mcpu=cortex-m0 -mthumb -Wno-main -I. -IGenerated_Source\PSoC4 -Wa,-alh=.\CortexM0\ARM_GCC_493\Debug/Advertising_LED_PM.lst -g -D DEBUG -Wall -ffunction-sections -Og -ffat-lto-objects -c .\Generated_Source\PSoC4\Advertising_LED_PM.c -o .\CortexM0\ARM_GCC_493\Debug\Advertising_LED_PM.o
arm-none-eabi-gcc.exe -mcpu=cortex-m0 -mthumb -Wno-main -I. -IGenerated_Source\PSoC4 -Wa,-alh=.\CortexM0\ARM_GCC_493\Debug/BLE_bless_isr.lst -g -D DEBUG -Wall -ffunction-sections -Og -ffat-lto-objects -c .\Generated_Source\PSoC4\BLE_bless_isr.c -o .\CortexM0\ARM_GCC_493\Debug\BLE_bless_isr.o
arm-none-eabi-gcc.exe -mcpu=cortex-m0 -mthumb -Wno-main -I. -IGenerated_Source\PSoC4 -Wa,-alh=.\CortexM0\ARM_GCC_493\Debug/Cm0Start.lst -g -D DEBUG -Wall -ffunction-sections -Og -ffat-lto-objects -c .\Generated_Source\PSoC4\Cm0Start.c -o .\CortexM0\ARM_GCC_493\Debug\Cm0Start.o
arm-none-eabi-as.exe -mcpu=cortex-m0 -mthumb -I. -IGenerated_Source\PSoC4 -alh=.\CortexM0\ARM_GCC_493\Debug/CyBootAsmGnu.lst -g -W -o .\CortexM0\ARM_GCC_493\Debug\CyBootAsmGnu.o .\Generated_Source\PSoC4\CyBootAsmGnu.s
arm-none-eabi-gcc.exe -mcpu=cortex-m0 -mthumb -Wno-main -I. -IGenerated_Source\PSoC4 -Wa,-alh=.\CortexM0\ARM_GCC_493\Debug/CyFlash.lst -g -D DEBUG -Wall -ffunction-sections -Og -ffat-lto-objects -c .\Generated_Source\PSoC4\CyFlash.c -o .\CortexM0\ARM_GCC_493\Debug\CyFlash.o
arm-none-eabi-gcc.exe -mcpu=cortex-m0 -mthumb -Wno-main -I. -IGenerated_Source\PSoC4 -Wa,-alh=.\CortexM0\ARM_GCC_493\Debug/CyLib.lst -g -D DEBUG -Wall -ffunction-sections -Og -ffat-lto-objects -c .\Generated_Source\PSoC4\CyLib.c -o .\CortexM0\ARM_GCC_493\Debug\CyLib.o
arm-none-eabi-gcc.exe -mcpu=cortex-m0 -mthumb -Wno-main -I. -IGenerated_Source\PSoC4 -Wa,-alh=.\CortexM0\ARM_GCC_493\Debug/cyPm.lst -g -D DEBUG -Wall -ffunction-sections -Og -ffat-lto-objects -c .\Generated_Source\PSoC4\cyPm.c -o .\CortexM0\ARM_GCC_493\Debug\cyPm.o
arm-none-eabi-gcc.exe -mcpu=cortex-m0 -mthumb -Wno-main -I. -IGenerated_Source\PSoC4 -Wa,-alh=.\CortexM0\ARM_GCC_493\Debug/cyutils.lst -g -D DEBUG -Wall -ffunction-sections -Og -ffat-lto-objects -c .\Generated_Source\PSoC4\cyutils.c -o .\CortexM0\ARM_GCC_493\Debug\cyutils.o
arm-none-eabi-gcc.exe -mcpu=cortex-m0 -mthumb -Wno-main -I. -IGenerated_Source\PSoC4 -Wa,-alh=.\CortexM0\ARM_GCC_493\Debug/CyLFClk.lst -g -D DEBUG -Wall -ffunction-sections -Og -ffat-lto-objects -c .\Generated_Source\PSoC4\CyLFClk.c -o .\CortexM0\ARM_GCC_493\Debug\CyLFClk.o
arm-none-eabi-gcc.exe -mcpu=cortex-m0 -mthumb -Wno-main -I. -IGenerated_Source\PSoC4 -Wa,-alh=.\CortexM0\ARM_GCC_493\Debug/Disconnect_LED.lst -g -D DEBUG -Wall -ffunction-sections -Og -ffat-lto-objects -c .\Generated_Source\PSoC4\Disconnect_LED.c -o .\CortexM0\ARM_GCC_493\Debug\Disconnect_LED.o
arm-none-eabi-gcc.exe -mcpu=cortex-m0 -mthumb -Wno-main -I. -IGenerated_Source\PSoC4 -Wa,-alh=.\CortexM0\ARM_GCC_493\Debug/Disconnect_LED_PM.lst -g -D DEBUG -Wall -ffunction-sections -Og -ffat-lto-objects -c .\Generated_Source\PSoC4\Disconnect_LED_PM.c -o .\CortexM0\ARM_GCC_493\Debug\Disconnect_LED_PM.o
arm-none-eabi-gcc.exe -mcpu=cortex-m0 -mthumb -Wno-main -I. -IGenerated_Source\PSoC4 -Wa,-alh=.\CortexM0\ARM_GCC_493\Debug/SCB_1.lst -g -D DEBUG -Wall -ffunction-sections -Og -ffat-lto-objects -c .\Generated_Source\PSoC4\SCB_1.c -o .\CortexM0\ARM_GCC_493\Debug\SCB_1.o
arm-none-eabi-gcc.exe -mcpu=cortex-m0 -mthumb -Wno-main -I. -IGenerated_Source\PSoC4 -Wa,-alh=.\CortexM0\ARM_GCC_493\Debug/SCB_1_SPI_UART.lst -g -D DEBUG -Wall -ffunction-sections -Og -ffat-lto-objects -c .\Generated_Source\PSoC4\SCB_1_SPI_UART.c -o .\CortexM0\ARM_GCC_493\Debug\SCB_1_SPI_UART.o
arm-none-eabi-gcc.exe -mcpu=cortex-m0 -mthumb -Wno-main -I. -IGenerated_Source\PSoC4 -Wa,-alh=.\CortexM0\ARM_GCC_493\Debug/SCB_1_SPI_UART_INT.lst -g -D DEBUG -Wall -ffunction-sections -Og -ffat-lto-objects -c .\Generated_Source\PSoC4\SCB_1_SPI_UART_INT.c -o .\CortexM0\ARM_GCC_493\Debug\SCB_1_SPI_UART_INT.o
arm-none-eabi-gcc.exe -mcpu=cortex-m0 -mthumb -Wno-main -I. -IGenerated_Source\PSoC4 -Wa,-alh=.\CortexM0\ARM_GCC_493\Debug/SCB_1_PM.lst -g -D DEBUG -Wall -ffunction-sections -Og -ffat-lto-objects -c .\Generated_Source\PSoC4\SCB_1_PM.c -o .\CortexM0\ARM_GCC_493\Debug\SCB_1_PM.o
arm-none-eabi-gcc.exe -mcpu=cortex-m0 -mthumb -Wno-main -I. -IGenerated_Source\PSoC4 -Wa,-alh=.\CortexM0\ARM_GCC_493\Debug/SCB_1_UART.lst -g -D DEBUG -Wall -ffunction-sections -Og -ffat-lto-objects -c .\Generated_Source\PSoC4\SCB_1_UART.c -o .\CortexM0\ARM_GCC_493\Debug\SCB_1_UART.o
arm-none-eabi-gcc.exe -mcpu=cortex-m0 -mthumb -Wno-main -I. -IGenerated_Source\PSoC4 -Wa,-alh=.\CortexM0\ARM_GCC_493\Debug/SCB_1_BOOT.lst -g -D DEBUG -Wall -ffunction-sections -Og -ffat-lto-objects -c .\Generated_Source\PSoC4\SCB_1_BOOT.c -o .\CortexM0\ARM_GCC_493\Debug\SCB_1_BOOT.o
arm-none-eabi-gcc.exe -mcpu=cortex-m0 -mthumb -Wno-main -I. -IGenerated_Source\PSoC4 -Wa,-alh=.\CortexM0\ARM_GCC_493\Debug/SCB_1_UART_BOOT.lst -g -D DEBUG -Wall -ffunction-sections -Og -ffat-lto-objects -c .\Generated_Source\PSoC4\SCB_1_UART_BOOT.c -o .\CortexM0\ARM_GCC_493\Debug\SCB_1_UART_BOOT.o
arm-none-eabi-gcc.exe -mcpu=cortex-m0 -mthumb -Wno-main -I. -IGenerated_Source\PSoC4 -Wa,-alh=.\CortexM0\ARM_GCC_493\Debug/SCB_1_SCBCLK.lst -g -D DEBUG -Wall -ffunction-sections -Og -ffat-lto-objects -c .\Generated_Source\PSoC4\SCB_1_SCBCLK.c -o .\CortexM0\ARM_GCC_493\Debug\SCB_1_SCBCLK.o
arm-none-eabi-gcc.exe -mcpu=cortex-m0 -mthumb -Wno-main -I. -IGenerated_Source\PSoC4 -Wa,-alh=.\CortexM0\ARM_GCC_493\Debug/SCB_1_tx.lst -g -D DEBUG -Wall -ffunction-sections -Og -ffat-lto-objects -c .\Generated_Source\PSoC4\SCB_1_tx.c -o .\CortexM0\ARM_GCC_493\Debug\SCB_1_tx.o
arm-none-eabi-gcc.exe -mcpu=cortex-m0 -mthumb -Wno-main -I. -IGenerated_Source\PSoC4 -Wa,-alh=.\CortexM0\ARM_GCC_493\Debug/SCB_1_tx_PM.lst -g -D DEBUG -Wall -ffunction-sections -Og -ffat-lto-objects -c .\Generated_Source\PSoC4\SCB_1_tx_PM.c -o .\CortexM0\ARM_GCC_493\Debug\SCB_1_tx_PM.o
arm-none-eabi-gcc.exe -mcpu=cortex-m0 -mthumb -Wno-main -I. -IGenerated_Source\PSoC4 -Wa,-alh=.\CortexM0\ARM_GCC_493\Debug/SCB_1_rx.lst -g -D DEBUG -Wall -ffunction-sections -Og -ffat-lto-objects -c .\Generated_Source\PSoC4\SCB_1_rx.c -o .\CortexM0\ARM_GCC_493\Debug\SCB_1_rx.o
arm-none-eabi-gcc.exe -mcpu=cortex-m0 -mthumb -Wno-main -I. -IGenerated_Source\PSoC4 -Wa,-alh=.\CortexM0\ARM_GCC_493\Debug/SCB_1_rx_PM.lst -g -D DEBUG -Wall -ffunction-sections -Og -ffat-lto-objects -c .\Generated_Source\PSoC4\SCB_1_rx_PM.c -o .\CortexM0\ARM_GCC_493\Debug\SCB_1_rx_PM.o
arm-none-eabi-ar.exe -rs .\CortexM0\ARM_GCC_493\Debug\BLE_findMe.a .\CortexM0\ARM_GCC_493\Debug\cyfitter_cfg.o .\CortexM0\ARM_GCC_493\Debug\BLE.o .\CortexM0\ARM_GCC_493\Debug\BLE_gatt.o .\CortexM0\ARM_GCC_493\Debug\BLE_ias.o .\CortexM0\ARM_GCC_493\Debug\BLE_eventHandler.o .\CortexM0\ARM_GCC_493\Debug\BLE_HAL_INT.o .\CortexM0\ARM_GCC_493\Debug\BLE_HAL_PVT.o .\CortexM0\ARM_GCC_493\Debug\Alert_LED.o .\CortexM0\ARM_GCC_493\Debug\Alert_LED_PM.o .\CortexM0\ARM_GCC_493\Debug\Advertising_LED.o .\CortexM0\ARM_GCC_493\Debug\Advertising_LED_PM.o .\CortexM0\ARM_GCC_493\Debug\BLE_bless_isr.o .\CortexM0\ARM_GCC_493\Debug\CyBootAsmGnu.o .\CortexM0\ARM_GCC_493\Debug\CyFlash.o .\CortexM0\ARM_GCC_493\Debug\CyLib.o .\CortexM0\ARM_GCC_493\Debug\cyPm.o .\CortexM0\ARM_GCC_493\Debug\cyutils.o .\CortexM0\ARM_GCC_493\Debug\CyLFClk.o .\CortexM0\ARM_GCC_493\Debug\Disconnect_LED.o .\CortexM0\ARM_GCC_493\Debug\Disconnect_LED_PM.o .\CortexM0\ARM_GCC_493\Debug\SCB_1.o .\CortexM0\ARM_GCC_493\Debug\SCB_1_SPI_UART.o .\CortexM0\ARM_GCC_493\Debug\SCB_1_SPI_UART_INT.o .\CortexM0\ARM_GCC_493\Debug\SCB_1_PM.o .\CortexM0\ARM_GCC_493\Debug\SCB_1_UART.o .\CortexM0\ARM_GCC_493\Debug\SCB_1_BOOT.o .\CortexM0\ARM_GCC_493\Debug\SCB_1_UART_BOOT.o .\CortexM0\ARM_GCC_493\Debug\SCB_1_SCBCLK.o .\CortexM0\ARM_GCC_493\Debug\SCB_1_tx.o .\CortexM0\ARM_GCC_493\Debug\SCB_1_tx_PM.o .\CortexM0\ARM_GCC_493\Debug\SCB_1_rx.o .\CortexM0\ARM_GCC_493\Debug\SCB_1_rx_PM.o
arm-none-eabi-ar.exe: creating .\CortexM0\ARM_GCC_493\Debug\BLE_findMe.a
arm-none-eabi-gcc.exe -Wl,--start-group -o .\CortexM0\ARM_GCC_493\Debug\BLE_findMe.elf .\CortexM0\ARM_GCC_493\Debug\main.o .\CortexM0\ARM_GCC_493\Debug\iprintf.o .\CortexM0\ARM_GCC_493\Debug\cymetadata.o .\CortexM0\ARM_GCC_493\Debug\Cm0Start.o .\CortexM0\ARM_GCC_493\Debug\BLE_findMe.a "C:\Program Files (x86)\Cypress\PSoC Creator\3.3\PSoC Creator\psoc\content\cycomponentlibrary\CyComponentLibrary.cylib\BLE_v3_10\Library\gccCyBLEStack_BLE_SOC_PERIPHERAL.a" "C:\Program Files (x86)\Cypress\PSoC Creator\3.3\PSoC Creator\psoc\content\cycomponentlibrary\CyComponentLibrary.cylib\CortexM0\ARM_GCC_493\Debug\CyComponentLibrary.a" -mcpu=cortex-m0 -mthumb -g -ffunction-sections -Og -ffat-lto-objects -L Generated_Source\PSoC4 -Wl,-Map,.\CortexM0\ARM_GCC_493\Debug/BLE_findMe.map -T Generated_Source\PSoC4\cm0gcc.ld -specs=nano.specs -Wl,--gc-sections -Wl,--end-group
cyelftool.exe -C "C:\Temp\FHV_MEM_2016WS_EmbeddedSystems\Wireless Networks\Project00_FindMeProfile\BLE_FindMe\BLE_findMe.cydsn\CortexM0\ARM_GCC_493\Debug\BLE_findMe.elf" --flash_row_size 128 --flash_size 131072
cyelftool.exe -S "C:\Temp\FHV_MEM_2016WS_EmbeddedSystems\Wireless Networks\Project00_FindMeProfile\BLE_FindMe\BLE_findMe.cydsn\CortexM0\ARM_GCC_493\Debug\BLE_findMe.elf"
Flash used: 79744 of 131072 bytes (60,8 %).
SRAM used: 10592 of 16384 bytes (64,6 %). Stack: 2048 bytes. Heap: 128 bytes.
--------------- Rebuild Succeeded: 11/10/2016 17:21:11 ---------------
